[debug] [2019-01-30T20:41:01.986Z] ----------------------------------------------------------------------
[debug] [2019-01-30T20:41:01.991Z] Command:       /usr/local/bin/node /usr/local/bin/firebase deploy
[debug] [2019-01-30T20:41:01.992Z] CLI Version:   6.2.2
[debug] [2019-01-30T20:41:01.992Z] Platform:      darwin
[debug] [2019-01-30T20:41:01.992Z] Node Version:  v10.8.0
[debug] [2019-01-30T20:41:01.993Z] Time:          Wed Jan 30 2019 21:41:01 GMT+0100 (Central European Standard Time)
[debug] [2019-01-30T20:41:01.993Z] ----------------------------------------------------------------------
[debug] 
[debug] [2019-01-30T20:41:02.008Z] > command requires scopes: ["email","openid","https://www.googleapis.com/auth/cloudplatformprojects.readonly","https://www.googleapis.com/auth/firebase","https://www.googleapis.com/auth/cloud-platform"]
[debug] [2019-01-30T20:41:02.008Z] > authorizing via signed-in user
[debug] [2019-01-30T20:41:02.008Z] [iam] checking project revents-215119 for permissions ["cloudfunctions.functions.create","cloudfunctions.functions.delete","cloudfunctions.functions.get","cloudfunctions.functions.list","cloudfunctions.functions.update","cloudfunctions.operations.get","firebase.projects.get","firebasehosting.sites.update"]
[debug] [2019-01-30T20:41:02.010Z] >>> HTTP REQUEST POST https://cloudresourcemanager.googleapis.com/v1/projects/revents-215119:testIamPermissions  

[debug] [2019-01-30T20:41:03.124Z] <<< HTTP RESPONSE 200
[debug] [2019-01-30T20:41:03.125Z] >>> HTTP REQUEST GET https://firebase.googleapis.com/v1beta1/projects/revents-215119  
 
[debug] [2019-01-30T20:41:03.635Z] <<< HTTP RESPONSE 200
[warn] ⚠  functions: package.json indicates an outdated version of firebase-functions.
 Please upgrade using npm install --save firebase-functions@latest in your functions directory.
[info] 
[info] === Deploying to 'revents-215119'...
[info] 
[info] i  deploying functions, hosting
[info] Running command: npm --prefix "$RESOURCE_DIR" run lint
[info] ✔  functions: Finished running predeploy script.
[debug] [2019-01-30T20:41:08.865Z] > [functions] package.json contents: {
  "name": "functions",
  "description": "Cloud Functions for Firebase",
  "scripts": {
    "lint": "eslint .",
    "serve": "firebase serve --only functions",
    "shell": "firebase functions:shell",
    "start": "npm run shell",
    "deploy": "firebase deploy --only functions",
    "logs": "firebase functions:log"
  },
  "dependencies": {
    "firebase-admin": "~5.12.0",
    "firebase-functions": "^1.0.1"
  },
  "devDependencies": {
    "eslint": "^4.12.0",
    "eslint-plugin-promise": "^3.6.0"
  },
  "private": true
}
[info] i  functions: ensuring necessary APIs are enabled...
[debug] [2019-01-30T20:41:08.866Z] >>> HTTP REQUEST GET https://servicemanagement.googleapis.com/v1/services/cloudfunctions.googleapis.com/projectSettings/revents-215119?view=CONSUMER_VIEW  
 
[debug] [2019-01-30T20:41:08.867Z] >>> HTTP REQUEST GET https://servicemanagement.googleapis.com/v1/services/runtimeconfig.googleapis.com/projectSettings/revents-215119?view=CONSUMER_VIEW  
 
[debug] [2019-01-30T20:41:10.600Z] <<< HTTP RESPONSE 200
[debug] [2019-01-30T20:41:10.658Z] <<< HTTP RESPONSE 200
[info] ✔  functions: all necessary APIs are enabled
[debug] [2019-01-30T20:41:10.659Z] >>> HTTP REQUEST GET https://cloudresourcemanager.googleapis.com/v1/projects/revents-215119  
 
[debug] [2019-01-30T20:41:11.724Z] <<< HTTP RESPONSE 200
[debug] [2019-01-30T20:41:11.725Z] >>> HTTP REQUEST GET https://mobilesdk-pa.googleapis.com/v1/projects/435978115680:getServerAppConfig  
 
[debug] [2019-01-30T20:41:12.336Z] <<< HTTP RESPONSE 200
[debug] [2019-01-30T20:41:12.338Z] >>> HTTP REQUEST POST https://firebasehosting.googleapis.com/v1beta1/sites/revents-215119/versions  

[debug] [2019-01-30T20:41:14.590Z] <<< HTTP RESPONSE 200
[info] i  functions: preparing functions directory for uploading...
[debug] [2019-01-30T20:41:14.592Z] >>> HTTP REQUEST GET https://runtimeconfig.googleapis.com/v1beta1/projects/revents-215119/configs  
 
[debug] [2019-01-30T20:41:15.818Z] <<< HTTP RESPONSE 200
[info] i  functions: packaged functions (54.39 KB) for uploading
[debug] [2019-01-30T20:41:16.058Z] >>> HTTP REQUEST POST https://cloudfunctions.googleapis.com/v1/projects/revents-215119/locations/us-central1/functions:generateUploadUrl  
 
[debug] [2019-01-30T20:41:16.843Z] <<< HTTP RESPONSE 200
[debug] [2019-01-30T20:41:16.844Z] >>> HTTP REQUEST PUT https://storage.googleapis.com/gcf-upload-us-central1-0c871e83-a9c1-40cb-a649-b9527e09324f/5eae5f07-4aa9-4e91-b896-726759e9fc94.zip?GoogleAccessId=service-435978115680@gcf-admin-robot.iam.gserviceaccount.com&Expires=1548882676&Signature=aH1rAhtbnXmo1d4syccWGiTWtWc9YxSjnb2QwmEPnXFfSz86J2k90DSdf%2F%2FJdpu%2FCPipj%2FhJP0T5NCEwXapACDX7zIde4ZLQifGbkH4WjG8JWAiolOOC5Hb9UtylFFvs%2BKZwmygortpn1hyKjvP4vIQ%2FKLtigEkfvuEvXZBMtT4VCm1%2BCq0oBt4yer2uy06OJ5%2FpB69TkuxlCmtjlIMYZ9wAlJgsZ9KoKPpnnlVE7hxMuj3ISHLpVHpQDt2IoBHL6BClLgfBUPK9eGQGjlPZxA2BBvYOPiPewvY9LaUMmL0RFzdhjtjM2cZaM1wUd2%2FmlCkEB7elxvUMceK0qL0WHw%3D%3D  

[debug] [2019-01-30T20:41:17.559Z] <<< HTTP RESPONSE 200
[info] ✔  functions: functions folder uploaded successfully
[info] i  hosting[revents-215119]: beginning deploy...
[info] i  hosting[revents-215119]: found 43 files in build
[debug] [2019-01-30T20:41:17.579Z] [hosting] hash cache [YnVpbGQ] load error: lines is not defined
[debug] [2019-01-30T20:41:19.298Z] [hosting] hash cache [YnVpbGQ] stored for 43 files
[debug] [2019-01-30T20:41:19.299Z] [hosting][hash queue][FINAL]
[debug] [2019-01-30T20:41:19.299Z] >>> HTTP REQUEST POST https://firebasehosting.googleapis.com/v1beta1/sites/revents-215119/versions/9996c7ab3b38863b:populateFiles  
 <request body omitted>
[debug] [2019-01-30T20:41:20.836Z] <<< HTTP RESPONSE 200
[debug] [2019-01-30T20:41:20.840Z] [hosting][populate queue][FINAL]
[debug] [2019-01-30T20:41:20.840Z] [hosting] uploads queued: 4
[debug] [2019-01-30T20:41:24.294Z] [hosting][upload queue][FINAL]
[info] ✔  hosting[revents-215119]: file upload complete
[debug] [2019-01-30T20:41:24.295Z] [hosting] deploy completed after 6732ms
[debug] [2019-01-30T20:41:24.297Z] >>> HTTP REQUEST GET https://cloudfunctions.googleapis.com/v1/projects/revents-215119/locations/-/functions  
 
[debug] [2019-01-30T20:41:25.036Z] <<< HTTP RESPONSE 200
[info] i  functions: updating Node.js 6 function createActivity(us-central1)...
[debug] [2019-01-30T20:41:25.038Z] Trigger is:  {"eventTrigger":{"resource":"projects/revents-215119/databases/(default)/documents/events/{eventId}","eventType":"providers/cloud.firestore/eventTypes/document.create","service":"firestore.googleapis.com"}}
[info] i  functions: updating Node.js 6 function cancelActivity(us-central1)...
[debug] [2019-01-30T20:41:25.039Z] Trigger is:  {"eventTrigger":{"resource":"projects/revents-215119/databases/(default)/documents/events/{eventId}","eventType":"providers/cloud.firestore/eventTypes/document.update","service":"firestore.googleapis.com"}}
[info] i  functions: updating Node.js 6 function userFollowing(us-central1)...
[debug] [2019-01-30T20:41:25.039Z] Trigger is:  {"eventTrigger":{"resource":"projects/revents-215119/databases/(default)/documents/users/{followerUid}/following/{followingUid}","eventType":"providers/cloud.firestore/eventTypes/document.create","service":"firestore.googleapis.com"}}
[info] i  functions: updating Node.js 6 function unfollowUser(us-central1)...
[debug] [2019-01-30T20:41:25.039Z] Trigger is:  {"eventTrigger":{"resource":"projects/revents-215119/databases/(default)/documents/users/{followerUid}/following/{followingUid}","eventType":"providers/cloud.firestore/eventTypes/document.delete","service":"firestore.googleapis.com"}}
[debug] [2019-01-30T20:41:25.042Z] >>> HTTP REQUEST PATCH https://cloudfunctions.googleapis.com/v1/projects/revents-215119/locations/us-central1/functions/createActivity {"updateMask":"sourceUploadUrl,name,labels,eventTrigger.resource,eventTrigger.eventType,eventTrigger.service"} 

[debug] [2019-01-30T20:41:25.043Z] >>> HTTP REQUEST PATCH https://cloudfunctions.googleapis.com/v1/projects/revents-215119/locations/us-central1/functions/cancelActivity {"updateMask":"sourceUploadUrl,name,labels,eventTrigger.resource,eventTrigger.eventType,eventTrigger.service"} 

[debug] [2019-01-30T20:41:25.044Z] >>> HTTP REQUEST PATCH https://cloudfunctions.googleapis.com/v1/projects/revents-215119/locations/us-central1/functions/userFollowing {"updateMask":"sourceUploadUrl,name,labels,eventTrigger.resource,eventTrigger.eventType,eventTrigger.service"} 

[debug] [2019-01-30T20:41:25.044Z] >>> HTTP REQUEST PATCH https://cloudfunctions.googleapis.com/v1/projects/revents-215119/locations/us-central1/functions/unfollowUser {"updateMask":"sourceUploadUrl,name,labels,eventTrigger.resource,eventTrigger.eventType,eventTrigger.service"} 

[debug] [2019-01-30T20:41:25.749Z] <<< HTTP RESPONSE 200
[debug] [2019-01-30T20:41:25.751Z] <<< HTTP RESPONSE 200
[debug] [2019-01-30T20:41:25.751Z] <<< HTTP RESPONSE 200
[debug] [2019-01-30T20:41:25.831Z] <<< HTTP RESPONSE 200
[debug] [2019-01-30T20:41:25.832Z] >>> HTTP REQUEST GET https://cloudfunctions.googleapis.com/v1/operations/cmV2ZW50cy0yMTUxMTkvdXMtY2VudHJhbDEvY3JlYXRlQWN0aXZpdHkvX25rVEp6YVViWTA  
 
[debug] [2019-01-30T20:41:25.833Z] >>> HTTP REQUEST GET https://cloudfunctions.googleapis.com/v1/operations/cmV2ZW50cy0yMTUxMTkvdXMtY2VudHJhbDEvY2FuY2VsQWN0aXZpdHkvN0lsbjR0Sm9FaW8  
 
[debug] [2019-01-30T20:41:25.833Z] >>> HTTP REQUEST GET https://cloudfunctions.googleapis.com/v1/operations/cmV2ZW50cy0yMTUxMTkvdXMtY2VudHJhbDEvdXNlckZvbGxvd2luZy90X24yZnc2eWcxYw  
 
[debug] [2019-01-30T20:41:25.834Z] >>> HTTP REQUEST GET https://cloudfunctions.googleapis.com/v1/operations/cmV2ZW50cy0yMTUxMTkvdXMtY2VudHJhbDEvdW5mb2xsb3dVc2VyL1hzZ2NkNS1ONjJJ  
 
[debug] [2019-01-30T20:41:26.468Z] <<< HTTP RESPONSE 200
[debug] [2019-01-30T20:41:26.469Z] <<< HTTP RESPONSE 200
[debug] [2019-01-30T20:41:26.469Z] <<< HTTP RESPONSE 200
[debug] [2019-01-30T20:41:26.469Z] <<< HTTP RESPONSE 200
[debug] [2019-01-30T20:41:28.470Z] >>> HTTP REQUEST GET https://cloudfunctions.googleapis.com/v1/operations/cmV2ZW50cy0yMTUxMTkvdXMtY2VudHJhbDEvY2FuY2VsQWN0aXZpdHkvN0lsbjR0Sm9FaW8  
 
[debug] [2019-01-30T20:41:28.470Z] >>> HTTP REQUEST GET https://cloudfunctions.googleapis.com/v1/operations/cmV2ZW50cy0yMTUxMTkvdXMtY2VudHJhbDEvdW5mb2xsb3dVc2VyL1hzZ2NkNS1ONjJJ  
 
[debug] [2019-01-30T20:41:28.471Z] >>> HTTP REQUEST GET https://cloudfunctions.googleapis.com/v1/operations/cmV2ZW50cy0yMTUxMTkvdXMtY2VudHJhbDEvY3JlYXRlQWN0aXZpdHkvX25rVEp6YVViWTA  
 
[debug] [2019-01-30T20:41:28.471Z] >>> HTTP REQUEST GET https://cloudfunctions.googleapis.com/v1/operations/cmV2ZW50cy0yMTUxMTkvdXMtY2VudHJhbDEvdXNlckZvbGxvd2luZy90X24yZnc2eWcxYw  
 
[debug] [2019-01-30T20:41:29.029Z] <<< HTTP RESPONSE 200
[debug] [2019-01-30T20:41:29.030Z] <<< HTTP RESPONSE 200
[debug] [2019-01-30T20:41:29.031Z] <<< HTTP RESPONSE 200
[debug] [2019-01-30T20:41:29.031Z] <<< HTTP RESPONSE 200
[debug] [2019-01-30T20:41:31.034Z] >>> HTTP REQUEST GET https://cloudfunctions.googleapis.com/v1/operations/cmV2ZW50cy0yMTUxMTkvdXMtY2VudHJhbDEvY2FuY2VsQWN0aXZpdHkvN0lsbjR0Sm9FaW8  
 
[debug] [2019-01-30T20:41:31.034Z] >>> HTTP REQUEST GET https://cloudfunctions.googleapis.com/v1/operations/cmV2ZW50cy0yMTUxMTkvdXMtY2VudHJhbDEvY3JlYXRlQWN0aXZpdHkvX25rVEp6YVViWTA  
 
[debug] [2019-01-30T20:41:31.038Z] >>> HTTP REQUEST GET https://cloudfunctions.googleapis.com/v1/operations/cmV2ZW50cy0yMTUxMTkvdXMtY2VudHJhbDEvdXNlckZvbGxvd2luZy90X24yZnc2eWcxYw  
 
[debug] [2019-01-30T20:41:31.038Z] >>> HTTP REQUEST GET https://cloudfunctions.googleapis.com/v1/operations/cmV2ZW50cy0yMTUxMTkvdXMtY2VudHJhbDEvdW5mb2xsb3dVc2VyL1hzZ2NkNS1ONjJJ  
 
[debug] [2019-01-30T20:41:31.587Z] <<< HTTP RESPONSE 200
[debug] [2019-01-30T20:41:31.588Z] <<< HTTP RESPONSE 200
[debug] [2019-01-30T20:41:31.589Z] <<< HTTP RESPONSE 200
[debug] [2019-01-30T20:41:31.590Z] <<< HTTP RESPONSE 200
[debug] [2019-01-30T20:41:33.591Z] >>> HTTP REQUEST GET https://cloudfunctions.googleapis.com/v1/operations/cmV2ZW50cy0yMTUxMTkvdXMtY2VudHJhbDEvY3JlYXRlQWN0aXZpdHkvX25rVEp6YVViWTA  
 
[debug] [2019-01-30T20:41:33.592Z] >>> HTTP REQUEST GET https://cloudfunctions.googleapis.com/v1/operations/cmV2ZW50cy0yMTUxMTkvdXMtY2VudHJhbDEvdXNlckZvbGxvd2luZy90X24yZnc2eWcxYw  
 
[debug] [2019-01-30T20:41:33.592Z] >>> HTTP REQUEST GET https://cloudfunctions.googleapis.com/v1/operations/cmV2ZW50cy0yMTUxMTkvdXMtY2VudHJhbDEvdW5mb2xsb3dVc2VyL1hzZ2NkNS1ONjJJ  
 
[debug] [2019-01-30T20:41:33.593Z] >>> HTTP REQUEST GET https://cloudfunctions.googleapis.com/v1/operations/cmV2ZW50cy0yMTUxMTkvdXMtY2VudHJhbDEvY2FuY2VsQWN0aXZpdHkvN0lsbjR0Sm9FaW8  
 
[debug] [2019-01-30T20:41:34.148Z] <<< HTTP RESPONSE 200
[debug] [2019-01-30T20:41:34.148Z] <<< HTTP RESPONSE 200
[debug] [2019-01-30T20:41:34.149Z] <<< HTTP RESPONSE 200
[debug] [2019-01-30T20:41:34.149Z] <<< HTTP RESPONSE 200
[debug] [2019-01-30T20:41:36.150Z] >>> HTTP REQUEST GET https://cloudfunctions.googleapis.com/v1/operations/cmV2ZW50cy0yMTUxMTkvdXMtY2VudHJhbDEvY3JlYXRlQWN0aXZpdHkvX25rVEp6YVViWTA  
 
[debug] [2019-01-30T20:41:36.151Z] >>> HTTP REQUEST GET https://cloudfunctions.googleapis.com/v1/operations/cmV2ZW50cy0yMTUxMTkvdXMtY2VudHJhbDEvY2FuY2VsQWN0aXZpdHkvN0lsbjR0Sm9FaW8  
 
[debug] [2019-01-30T20:41:36.151Z] >>> HTTP REQUEST GET https://cloudfunctions.googleapis.com/v1/operations/cmV2ZW50cy0yMTUxMTkvdXMtY2VudHJhbDEvdXNlckZvbGxvd2luZy90X24yZnc2eWcxYw  
 
[debug] [2019-01-30T20:41:36.151Z] >>> HTTP REQUEST GET https://cloudfunctions.googleapis.com/v1/operations/cmV2ZW50cy0yMTUxMTkvdXMtY2VudHJhbDEvdW5mb2xsb3dVc2VyL1hzZ2NkNS1ONjJJ  
 
[debug] [2019-01-30T20:41:36.503Z] <<< HTTP RESPONSE 200
[debug] [2019-01-30T20:41:36.689Z] <<< HTTP RESPONSE 200
[debug] [2019-01-30T20:41:36.693Z] <<< HTTP RESPONSE 200
[debug] [2019-01-30T20:41:36.712Z] <<< HTTP RESPONSE 200
[debug] [2019-01-30T20:41:38.509Z] >>> HTTP REQUEST GET https://cloudfunctions.googleapis.com/v1/operations/cmV2ZW50cy0yMTUxMTkvdXMtY2VudHJhbDEvY2FuY2VsQWN0aXZpdHkvN0lsbjR0Sm9FaW8  
 
[debug] [2019-01-30T20:41:38.692Z] >>> HTTP REQUEST GET https://cloudfunctions.googleapis.com/v1/operations/cmV2ZW50cy0yMTUxMTkvdXMtY2VudHJhbDEvY3JlYXRlQWN0aXZpdHkvX25rVEp6YVViWTA  
 
[debug] [2019-01-30T20:41:38.693Z] >>> HTTP REQUEST GET https://cloudfunctions.googleapis.com/v1/operations/cmV2ZW50cy0yMTUxMTkvdXMtY2VudHJhbDEvdXNlckZvbGxvd2luZy90X24yZnc2eWcxYw  
 
[debug] [2019-01-30T20:41:38.718Z] >>> HTTP REQUEST GET https://cloudfunctions.googleapis.com/v1/operations/cmV2ZW50cy0yMTUxMTkvdXMtY2VudHJhbDEvdW5mb2xsb3dVc2VyL1hzZ2NkNS1ONjJJ  
 
[debug] [2019-01-30T20:41:39.063Z] <<< HTTP RESPONSE 200
[debug] [2019-01-30T20:41:39.064Z] <<< HTTP RESPONSE 200
[debug] [2019-01-30T20:41:39.269Z] <<< HTTP RESPONSE 200
[debug] [2019-01-30T20:41:39.269Z] <<< HTTP RESPONSE 200
[debug] [2019-01-30T20:41:41.064Z] >>> HTTP REQUEST GET https://cloudfunctions.googleapis.com/v1/operations/cmV2ZW50cy0yMTUxMTkvdXMtY2VudHJhbDEvY2FuY2VsQWN0aXZpdHkvN0lsbjR0Sm9FaW8  
 
[debug] [2019-01-30T20:41:41.066Z] >>> HTTP REQUEST GET https://cloudfunctions.googleapis.com/v1/operations/cmV2ZW50cy0yMTUxMTkvdXMtY2VudHJhbDEvdW5mb2xsb3dVc2VyL1hzZ2NkNS1ONjJJ  
 
[debug] [2019-01-30T20:41:41.271Z] >>> HTTP REQUEST GET https://cloudfunctions.googleapis.com/v1/operations/cmV2ZW50cy0yMTUxMTkvdXMtY2VudHJhbDEvdXNlckZvbGxvd2luZy90X24yZnc2eWcxYw  
 
[debug] [2019-01-30T20:41:41.272Z] >>> HTTP REQUEST GET https://cloudfunctions.googleapis.com/v1/operations/cmV2ZW50cy0yMTUxMTkvdXMtY2VudHJhbDEvY3JlYXRlQWN0aXZpdHkvX25rVEp6YVViWTA  
 
[debug] [2019-01-30T20:41:41.624Z] <<< HTTP RESPONSE 200
[debug] [2019-01-30T20:41:41.624Z] <<< HTTP RESPONSE 200
[debug] [2019-01-30T20:41:41.627Z] <<< HTTP RESPONSE 200
[debug] [2019-01-30T20:41:41.629Z] <<< HTTP RESPONSE 200
[debug] [2019-01-30T20:41:43.631Z] >>> HTTP REQUEST GET https://cloudfunctions.googleapis.com/v1/operations/cmV2ZW50cy0yMTUxMTkvdXMtY2VudHJhbDEvdW5mb2xsb3dVc2VyL1hzZ2NkNS1ONjJJ  
 
[debug] [2019-01-30T20:41:43.631Z] >>> HTTP REQUEST GET https://cloudfunctions.googleapis.com/v1/operations/cmV2ZW50cy0yMTUxMTkvdXMtY2VudHJhbDEvdXNlckZvbGxvd2luZy90X24yZnc2eWcxYw  
 
[debug] [2019-01-30T20:41:43.633Z] >>> HTTP REQUEST GET https://cloudfunctions.googleapis.com/v1/operations/cmV2ZW50cy0yMTUxMTkvdXMtY2VudHJhbDEvY3JlYXRlQWN0aXZpdHkvX25rVEp6YVViWTA  
 
[debug] [2019-01-30T20:41:43.633Z] >>> HTTP REQUEST GET https://cloudfunctions.googleapis.com/v1/operations/cmV2ZW50cy0yMTUxMTkvdXMtY2VudHJhbDEvY2FuY2VsQWN0aXZpdHkvN0lsbjR0Sm9FaW8  
 
[debug] [2019-01-30T20:41:43.978Z] <<< HTTP RESPONSE 200
[debug] [2019-01-30T20:41:43.996Z] <<< HTTP RESPONSE 200
[debug] [2019-01-30T20:41:44.181Z] <<< HTTP RESPONSE 200
[debug] [2019-01-30T20:41:44.182Z] <<< HTTP RESPONSE 200
[debug] [2019-01-30T20:41:45.979Z] >>> HTTP REQUEST GET https://cloudfunctions.googleapis.com/v1/operations/cmV2ZW50cy0yMTUxMTkvdXMtY2VudHJhbDEvdXNlckZvbGxvd2luZy90X24yZnc2eWcxYw  
 
[debug] [2019-01-30T20:41:45.998Z] >>> HTTP REQUEST GET https://cloudfunctions.googleapis.com/v1/operations/cmV2ZW50cy0yMTUxMTkvdXMtY2VudHJhbDEvY3JlYXRlQWN0aXZpdHkvX25rVEp6YVViWTA  
 
[debug] [2019-01-30T20:41:46.184Z] >>> HTTP REQUEST GET https://cloudfunctions.googleapis.com/v1/operations/cmV2ZW50cy0yMTUxMTkvdXMtY2VudHJhbDEvdW5mb2xsb3dVc2VyL1hzZ2NkNS1ONjJJ  
 
[debug] [2019-01-30T20:41:46.185Z] >>> HTTP REQUEST GET https://cloudfunctions.googleapis.com/v1/operations/cmV2ZW50cy0yMTUxMTkvdXMtY2VudHJhbDEvY2FuY2VsQWN0aXZpdHkvN0lsbjR0Sm9FaW8  
 
[debug] [2019-01-30T20:41:46.506Z] <<< HTTP RESPONSE 200
[debug] [2019-01-30T20:41:46.538Z] <<< HTTP RESPONSE 200
[debug] [2019-01-30T20:41:46.742Z] <<< HTTP RESPONSE 200
[debug] [2019-01-30T20:41:46.743Z] <<< HTTP RESPONSE 200
[debug] [2019-01-30T20:41:48.512Z] >>> HTTP REQUEST GET https://cloudfunctions.googleapis.com/v1/operations/cmV2ZW50cy0yMTUxMTkvdXMtY2VudHJhbDEvdXNlckZvbGxvd2luZy90X24yZnc2eWcxYw  
 
[debug] [2019-01-30T20:41:48.544Z] >>> HTTP REQUEST GET https://cloudfunctions.googleapis.com/v1/operations/cmV2ZW50cy0yMTUxMTkvdXMtY2VudHJhbDEvY3JlYXRlQWN0aXZpdHkvX25rVEp6YVViWTA  
 
[debug] [2019-01-30T20:41:48.744Z] >>> HTTP REQUEST GET https://cloudfunctions.googleapis.com/v1/operations/cmV2ZW50cy0yMTUxMTkvdXMtY2VudHJhbDEvY2FuY2VsQWN0aXZpdHkvN0lsbjR0Sm9FaW8  
 
[debug] [2019-01-30T20:41:48.745Z] >>> HTTP REQUEST GET https://cloudfunctions.googleapis.com/v1/operations/cmV2ZW50cy0yMTUxMTkvdXMtY2VudHJhbDEvdW5mb2xsb3dVc2VyL1hzZ2NkNS1ONjJJ  
 
[debug] [2019-01-30T20:41:49.032Z] <<< HTTP RESPONSE 200
[debug] [2019-01-30T20:41:49.068Z] <<< HTTP RESPONSE 200
[debug] [2019-01-30T20:41:49.303Z] <<< HTTP RESPONSE 200
[debug] [2019-01-30T20:41:49.305Z] <<< HTTP RESPONSE 200
[debug] [2019-01-30T20:41:51.037Z] >>> HTTP REQUEST GET https://cloudfunctions.googleapis.com/v1/operations/cmV2ZW50cy0yMTUxMTkvdXMtY2VudHJhbDEvdXNlckZvbGxvd2luZy90X24yZnc2eWcxYw  
 
[debug] [2019-01-30T20:41:51.068Z] >>> HTTP REQUEST GET https://cloudfunctions.googleapis.com/v1/operations/cmV2ZW50cy0yMTUxMTkvdXMtY2VudHJhbDEvY3JlYXRlQWN0aXZpdHkvX25rVEp6YVViWTA  
 
[debug] [2019-01-30T20:41:51.309Z] >>> HTTP REQUEST GET https://cloudfunctions.googleapis.com/v1/operations/cmV2ZW50cy0yMTUxMTkvdXMtY2VudHJhbDEvY2FuY2VsQWN0aXZpdHkvN0lsbjR0Sm9FaW8  
 
[debug] [2019-01-30T20:41:51.309Z] >>> HTTP REQUEST GET https://cloudfunctions.googleapis.com/v1/operations/cmV2ZW50cy0yMTUxMTkvdXMtY2VudHJhbDEvdW5mb2xsb3dVc2VyL1hzZ2NkNS1ONjJJ  
 
[debug] [2019-01-30T20:41:51.591Z] <<< HTTP RESPONSE 200
[debug] [2019-01-30T20:41:51.613Z] <<< HTTP RESPONSE 200
[info] ✔  functions[createActivity(us-central1)]: Successful update operation. 
[debug] [2019-01-30T20:41:51.636Z] <<< HTTP RESPONSE 200
[debug] [2019-01-30T20:41:51.863Z] <<< HTTP RESPONSE 200
[debug] [2019-01-30T20:41:53.597Z] >>> HTTP REQUEST GET https://cloudfunctions.googleapis.com/v1/operations/cmV2ZW50cy0yMTUxMTkvdXMtY2VudHJhbDEvdXNlckZvbGxvd2luZy90X24yZnc2eWcxYw  
 
[debug] [2019-01-30T20:41:53.638Z] >>> HTTP REQUEST GET https://cloudfunctions.googleapis.com/v1/operations/cmV2ZW50cy0yMTUxMTkvdXMtY2VudHJhbDEvY2FuY2VsQWN0aXZpdHkvN0lsbjR0Sm9FaW8  
 
[debug] [2019-01-30T20:41:53.869Z] >>> HTTP REQUEST GET https://cloudfunctions.googleapis.com/v1/operations/cmV2ZW50cy0yMTUxMTkvdXMtY2VudHJhbDEvdW5mb2xsb3dVc2VyL1hzZ2NkNS1ONjJJ  
 
[debug] [2019-01-30T20:41:54.134Z] <<< HTTP RESPONSE 200
[debug] [2019-01-30T20:41:54.167Z] <<< HTTP RESPONSE 200
[debug] [2019-01-30T20:41:54.423Z] <<< HTTP RESPONSE 200
[debug] [2019-01-30T20:41:56.140Z] >>> HTTP REQUEST GET https://cloudfunctions.googleapis.com/v1/operations/cmV2ZW50cy0yMTUxMTkvdXMtY2VudHJhbDEvdXNlckZvbGxvd2luZy90X24yZnc2eWcxYw  
 
[debug] [2019-01-30T20:41:56.172Z] >>> HTTP REQUEST GET https://cloudfunctions.googleapis.com/v1/operations/cmV2ZW50cy0yMTUxMTkvdXMtY2VudHJhbDEvY2FuY2VsQWN0aXZpdHkvN0lsbjR0Sm9FaW8  
 
[debug] [2019-01-30T20:41:56.429Z] >>> HTTP REQUEST GET https://cloudfunctions.googleapis.com/v1/operations/cmV2ZW50cy0yMTUxMTkvdXMtY2VudHJhbDEvdW5mb2xsb3dVc2VyL1hzZ2NkNS1ONjJJ  
 
[debug] [2019-01-30T20:41:56.694Z] <<< HTTP RESPONSE 200
[debug] [2019-01-30T20:41:56.696Z] <<< HTTP RESPONSE 200
[info] ✔  functions[userFollowing(us-central1)]: Successful update operation. 
[debug] [2019-01-30T20:41:56.983Z] <<< HTTP RESPONSE 200
[debug] [2019-01-30T20:41:58.700Z] >>> HTTP REQUEST GET https://cloudfunctions.googleapis.com/v1/operations/cmV2ZW50cy0yMTUxMTkvdXMtY2VudHJhbDEvY2FuY2VsQWN0aXZpdHkvN0lsbjR0Sm9FaW8  
 
[debug] [2019-01-30T20:41:58.987Z] >>> HTTP REQUEST GET https://cloudfunctions.googleapis.com/v1/operations/cmV2ZW50cy0yMTUxMTkvdXMtY2VudHJhbDEvdW5mb2xsb3dVc2VyL1hzZ2NkNS1ONjJJ  
 
[debug] [2019-01-30T20:41:59.232Z] <<< HTTP RESPONSE 200
[debug] [2019-01-30T20:41:59.544Z] <<< HTTP RESPONSE 200
[debug] [2019-01-30T20:42:01.235Z] >>> HTTP REQUEST GET https://cloudfunctions.googleapis.com/v1/operations/cmV2ZW50cy0yMTUxMTkvdXMtY2VudHJhbDEvY2FuY2VsQWN0aXZpdHkvN0lsbjR0Sm9FaW8  
 
[debug] [2019-01-30T20:42:01.549Z] >>> HTTP REQUEST GET https://cloudfunctions.googleapis.com/v1/operations/cmV2ZW50cy0yMTUxMTkvdXMtY2VudHJhbDEvdW5mb2xsb3dVc2VyL1hzZ2NkNS1ONjJJ  
 
[debug] [2019-01-30T20:42:01.780Z] <<< HTTP RESPONSE 200
[info] ✔  functions[cancelActivity(us-central1)]: Successful update operation. 
[debug] [2019-01-30T20:42:02.103Z] <<< HTTP RESPONSE 200
[debug] [2019-01-30T20:42:04.105Z] >>> HTTP REQUEST GET https://cloudfunctions.googleapis.com/v1/operations/cmV2ZW50cy0yMTUxMTkvdXMtY2VudHJhbDEvdW5mb2xsb3dVc2VyL1hzZ2NkNS1ONjJJ  
 
[debug] [2019-01-30T20:42:04.457Z] <<< HTTP RESPONSE 200
[debug] [2019-01-30T20:42:06.462Z] >>> HTTP REQUEST GET https://cloudfunctions.googleapis.com/v1/operations/cmV2ZW50cy0yMTUxMTkvdXMtY2VudHJhbDEvdW5mb2xsb3dVc2VyL1hzZ2NkNS1ONjJJ  
 
[debug] [2019-01-30T20:42:07.017Z] <<< HTTP RESPONSE 200
[debug] [2019-01-30T20:42:09.021Z] >>> HTTP REQUEST GET https://cloudfunctions.googleapis.com/v1/operations/cmV2ZW50cy0yMTUxMTkvdXMtY2VudHJhbDEvdW5mb2xsb3dVc2VyL1hzZ2NkNS1ONjJJ  
 
[debug] [2019-01-30T20:42:09.579Z] <<< HTTP RESPONSE 200
[debug] [2019-01-30T20:42:11.584Z] >>> HTTP REQUEST GET https://cloudfunctions.googleapis.com/v1/operations/cmV2ZW50cy0yMTUxMTkvdXMtY2VudHJhbDEvdW5mb2xsb3dVc2VyL1hzZ2NkNS1ONjJJ  
 
[debug] [2019-01-30T20:42:12.137Z] <<< HTTP RESPONSE 200
[debug] [2019-01-30T20:42:14.143Z] >>> HTTP REQUEST GET https://cloudfunctions.googleapis.com/v1/operations/cmV2ZW50cy0yMTUxMTkvdXMtY2VudHJhbDEvdW5mb2xsb3dVc2VyL1hzZ2NkNS1ONjJJ  
 
[debug] [2019-01-30T20:42:14.698Z] <<< HTTP RESPONSE 200
[debug] [2019-01-30T20:42:16.700Z] >>> HTTP REQUEST GET https://cloudfunctions.googleapis.com/v1/operations/cmV2ZW50cy0yMTUxMTkvdXMtY2VudHJhbDEvdW5mb2xsb3dVc2VyL1hzZ2NkNS1ONjJJ  
 
[debug] [2019-01-30T20:42:17.053Z] <<< HTTP RESPONSE 200
[debug] [2019-01-30T20:42:19.056Z] >>> HTTP REQUEST GET https://cloudfunctions.googleapis.com/v1/operations/cmV2ZW50cy0yMTUxMTkvdXMtY2VudHJhbDEvdW5mb2xsb3dVc2VyL1hzZ2NkNS1ONjJJ  
 
[debug] [2019-01-30T20:42:19.614Z] <<< HTTP RESPONSE 200
[debug] [2019-01-30T20:42:21.618Z] >>> HTTP REQUEST GET https://cloudfunctions.googleapis.com/v1/operations/cmV2ZW50cy0yMTUxMTkvdXMtY2VudHJhbDEvdW5mb2xsb3dVc2VyL1hzZ2NkNS1ONjJJ  
 
[debug] [2019-01-30T20:42:22.148Z] <<< HTTP RESPONSE 200
[debug] [2019-01-30T20:42:24.150Z] >>> HTTP REQUEST GET https://cloudfunctions.googleapis.com/v1/operations/cmV2ZW50cy0yMTUxMTkvdXMtY2VudHJhbDEvdW5mb2xsb3dVc2VyL1hzZ2NkNS1ONjJJ  
 
[debug] [2019-01-30T20:42:24.734Z] <<< HTTP RESPONSE 200
[debug] [2019-01-30T20:42:26.737Z] >>> HTTP REQUEST GET https://cloudfunctions.googleapis.com/v1/operations/cmV2ZW50cy0yMTUxMTkvdXMtY2VudHJhbDEvdW5mb2xsb3dVc2VyL1hzZ2NkNS1ONjJJ  
 
[debug] [2019-01-30T20:42:27.293Z] <<< HTTP RESPONSE 200
[debug] [2019-01-30T20:42:29.299Z] >>> HTTP REQUEST GET https://cloudfunctions.googleapis.com/v1/operations/cmV2ZW50cy0yMTUxMTkvdXMtY2VudHJhbDEvdW5mb2xsb3dVc2VyL1hzZ2NkNS1ONjJJ  
 
[debug] [2019-01-30T20:42:29.854Z] <<< HTTP RESPONSE 200
[debug] [2019-01-30T20:42:31.859Z] >>> HTTP REQUEST GET https://cloudfunctions.googleapis.com/v1/operations/cmV2ZW50cy0yMTUxMTkvdXMtY2VudHJhbDEvdW5mb2xsb3dVc2VyL1hzZ2NkNS1ONjJJ  
 
[debug] [2019-01-30T20:42:32.413Z] <<< HTTP RESPONSE 200
[debug] [2019-01-30T20:42:34.417Z] >>> HTTP REQUEST GET https://cloudfunctions.googleapis.com/v1/operations/cmV2ZW50cy0yMTUxMTkvdXMtY2VudHJhbDEvdW5mb2xsb3dVc2VyL1hzZ2NkNS1ONjJJ  
 
[debug] [2019-01-30T20:42:34.972Z] <<< HTTP RESPONSE 200
[debug] [2019-01-30T20:42:36.975Z] >>> HTTP REQUEST GET https://cloudfunctions.googleapis.com/v1/operations/cmV2ZW50cy0yMTUxMTkvdXMtY2VudHJhbDEvdW5mb2xsb3dVc2VyL1hzZ2NkNS1ONjJJ  
 
[debug] [2019-01-30T20:42:37.533Z] <<< HTTP RESPONSE 200
[debug] [2019-01-30T20:42:39.534Z] >>> HTTP REQUEST GET https://cloudfunctions.googleapis.com/v1/operations/cmV2ZW50cy0yMTUxMTkvdXMtY2VudHJhbDEvdW5mb2xsb3dVc2VyL1hzZ2NkNS1ONjJJ  
 
[debug] [2019-01-30T20:42:39.888Z] <<< HTTP RESPONSE 200
[debug] [2019-01-30T20:42:41.890Z] >>> HTTP REQUEST GET https://cloudfunctions.googleapis.com/v1/operations/cmV2ZW50cy0yMTUxMTkvdXMtY2VudHJhbDEvdW5mb2xsb3dVc2VyL1hzZ2NkNS1ONjJJ  
 
[debug] [2019-01-30T20:42:42.345Z] <<< HTTP RESPONSE 200
[debug] [2019-01-30T20:42:44.350Z] >>> HTTP REQUEST GET https://cloudfunctions.googleapis.com/v1/operations/cmV2ZW50cy0yMTUxMTkvdXMtY2VudHJhbDEvdW5mb2xsb3dVc2VyL1hzZ2NkNS1ONjJJ  
 
[debug] [2019-01-30T20:42:44.904Z] <<< HTTP RESPONSE 200
[debug] [2019-01-30T20:42:46.910Z] >>> HTTP REQUEST GET https://cloudfunctions.googleapis.com/v1/operations/cmV2ZW50cy0yMTUxMTkvdXMtY2VudHJhbDEvdW5mb2xsb3dVc2VyL1hzZ2NkNS1ONjJJ  
 
[debug] [2019-01-30T20:42:47.430Z] <<< HTTP RESPONSE 200
[debug] [2019-01-30T20:42:49.433Z] >>> HTTP REQUEST GET https://cloudfunctions.googleapis.com/v1/operations/cmV2ZW50cy0yMTUxMTkvdXMtY2VudHJhbDEvdW5mb2xsb3dVc2VyL1hzZ2NkNS1ONjJJ  
 
[debug] [2019-01-30T20:42:49.959Z] <<< HTTP RESPONSE 200
[debug] [2019-01-30T20:42:51.960Z] >>> HTTP REQUEST GET https://cloudfunctions.googleapis.com/v1/operations/cmV2ZW50cy0yMTUxMTkvdXMtY2VudHJhbDEvdW5mb2xsb3dVc2VyL1hzZ2NkNS1ONjJJ  
 
[debug] [2019-01-30T20:42:52.380Z] <<< HTTP RESPONSE 200
[debug] [2019-01-30T20:42:54.383Z] >>> HTTP REQUEST GET https://cloudfunctions.googleapis.com/v1/operations/cmV2ZW50cy0yMTUxMTkvdXMtY2VudHJhbDEvdW5mb2xsb3dVc2VyL1hzZ2NkNS1ONjJJ  
 
[debug] [2019-01-30T20:42:54.735Z] <<< HTTP RESPONSE 200
[debug] [2019-01-30T20:42:56.743Z] >>> HTTP REQUEST GET https://cloudfunctions.googleapis.com/v1/operations/cmV2ZW50cy0yMTUxMTkvdXMtY2VudHJhbDEvdW5mb2xsb3dVc2VyL1hzZ2NkNS1ONjJJ  
 
[debug] [2019-01-30T20:42:57.296Z] <<< HTTP RESPONSE 200
[debug] [2019-01-30T20:42:59.300Z] >>> HTTP REQUEST GET https://cloudfunctions.googleapis.com/v1/operations/cmV2ZW50cy0yMTUxMTkvdXMtY2VudHJhbDEvdW5mb2xsb3dVc2VyL1hzZ2NkNS1ONjJJ  
 
[debug] [2019-01-30T20:42:59.857Z] <<< HTTP RESPONSE 200
[debug] [2019-01-30T20:43:01.858Z] >>> HTTP REQUEST GET https://cloudfunctions.googleapis.com/v1/operations/cmV2ZW50cy0yMTUxMTkvdXMtY2VudHJhbDEvdW5mb2xsb3dVc2VyL1hzZ2NkNS1ONjJJ  
 
[debug] [2019-01-30T20:43:02.415Z] <<< HTTP RESPONSE 200
[debug] [2019-01-30T20:43:04.416Z] >>> HTTP REQUEST GET https://cloudfunctions.googleapis.com/v1/operations/cmV2ZW50cy0yMTUxMTkvdXMtY2VudHJhbDEvdW5mb2xsb3dVc2VyL1hzZ2NkNS1ONjJJ  
 
[debug] [2019-01-30T20:43:04.977Z] <<< HTTP RESPONSE 200
[debug] [2019-01-30T20:43:06.978Z] >>> HTTP REQUEST GET https://cloudfunctions.googleapis.com/v1/operations/cmV2ZW50cy0yMTUxMTkvdXMtY2VudHJhbDEvdW5mb2xsb3dVc2VyL1hzZ2NkNS1ONjJJ  
 
[debug] [2019-01-30T20:43:07.505Z] <<< HTTP RESPONSE 200
[debug] [2019-01-30T20:43:09.506Z] >>> HTTP REQUEST GET https://cloudfunctions.googleapis.com/v1/operations/cmV2ZW50cy0yMTUxMTkvdXMtY2VudHJhbDEvdW5mb2xsb3dVc2VyL1hzZ2NkNS1ONjJJ  
 
[debug] [2019-01-30T20:43:10.096Z] <<< HTTP RESPONSE 200
[debug] [2019-01-30T20:43:12.101Z] >>> HTTP REQUEST GET https://cloudfunctions.googleapis.com/v1/operations/cmV2ZW50cy0yMTUxMTkvdXMtY2VudHJhbDEvdW5mb2xsb3dVc2VyL1hzZ2NkNS1ONjJJ  
 
[debug] [2019-01-30T20:43:12.451Z] <<< HTTP RESPONSE 200
[debug] [2019-01-30T20:43:14.454Z] >>> HTTP REQUEST GET https://cloudfunctions.googleapis.com/v1/operations/cmV2ZW50cy0yMTUxMTkvdXMtY2VudHJhbDEvdW5mb2xsb3dVc2VyL1hzZ2NkNS1ONjJJ  
 
[debug] [2019-01-30T20:43:15.012Z] <<< HTTP RESPONSE 200
[debug] [2019-01-30T20:43:17.013Z] >>> HTTP REQUEST GET https://cloudfunctions.googleapis.com/v1/operations/cmV2ZW50cy0yMTUxMTkvdXMtY2VudHJhbDEvdW5mb2xsb3dVc2VyL1hzZ2NkNS1ONjJJ  
 
[debug] [2019-01-30T20:43:17.367Z] <<< HTTP RESPONSE 200
[debug] [2019-01-30T20:43:19.369Z] >>> HTTP REQUEST GET https://cloudfunctions.googleapis.com/v1/operations/cmV2ZW50cy0yMTUxMTkvdXMtY2VudHJhbDEvdW5mb2xsb3dVc2VyL1hzZ2NkNS1ONjJJ  
 
[debug] [2019-01-30T20:43:19.926Z] <<< HTTP RESPONSE 200
[debug] [2019-01-30T20:43:21.929Z] >>> HTTP REQUEST GET https://cloudfunctions.googleapis.com/v1/operations/cmV2ZW50cy0yMTUxMTkvdXMtY2VudHJhbDEvdW5mb2xsb3dVc2VyL1hzZ2NkNS1ONjJJ  
 
[debug] [2019-01-30T20:43:22.488Z] <<< HTTP RESPONSE 200
[debug] [2019-01-30T20:43:24.488Z] >>> HTTP REQUEST GET https://cloudfunctions.googleapis.com/v1/operations/cmV2ZW50cy0yMTUxMTkvdXMtY2VudHJhbDEvdW5mb2xsb3dVc2VyL1hzZ2NkNS1ONjJJ  
 
[debug] [2019-01-30T20:43:25.046Z] <<< HTTP RESPONSE 200
[debug] [2019-01-30T20:43:27.052Z] >>> HTTP REQUEST GET https://cloudfunctions.googleapis.com/v1/operations/cmV2ZW50cy0yMTUxMTkvdXMtY2VudHJhbDEvdW5mb2xsb3dVc2VyL1hzZ2NkNS1ONjJJ  
 
[debug] [2019-01-30T20:43:27.503Z] <<< HTTP RESPONSE 200
[debug] [2019-01-30T20:43:29.509Z] >>> HTTP REQUEST GET https://cloudfunctions.googleapis.com/v1/operations/cmV2ZW50cy0yMTUxMTkvdXMtY2VudHJhbDEvdW5mb2xsb3dVc2VyL1hzZ2NkNS1ONjJJ  
 
[debug] [2019-01-30T20:43:30.065Z] <<< HTTP RESPONSE 200
[debug] [2019-01-30T20:43:32.069Z] >>> HTTP REQUEST GET https://cloudfunctions.googleapis.com/v1/operations/cmV2ZW50cy0yMTUxMTkvdXMtY2VudHJhbDEvdW5mb2xsb3dVc2VyL1hzZ2NkNS1ONjJJ  
 
[debug] [2019-01-30T20:43:32.418Z] <<< HTTP RESPONSE 200
[debug] [2019-01-30T20:43:34.420Z] >>> HTTP REQUEST GET https://cloudfunctions.googleapis.com/v1/operations/cmV2ZW50cy0yMTUxMTkvdXMtY2VudHJhbDEvdW5mb2xsb3dVc2VyL1hzZ2NkNS1ONjJJ  
 
[debug] [2019-01-30T20:43:34.979Z] <<< HTTP RESPONSE 200
[debug] [2019-01-30T20:43:36.985Z] >>> HTTP REQUEST GET https://cloudfunctions.googleapis.com/v1/operations/cmV2ZW50cy0yMTUxMTkvdXMtY2VudHJhbDEvdW5mb2xsb3dVc2VyL1hzZ2NkNS1ONjJJ  
 
[debug] [2019-01-30T20:43:37.539Z] <<< HTTP RESPONSE 200
[debug] [2019-01-30T20:43:39.544Z] >>> HTTP REQUEST GET https://cloudfunctions.googleapis.com/v1/operations/cmV2ZW50cy0yMTUxMTkvdXMtY2VudHJhbDEvdW5mb2xsb3dVc2VyL1hzZ2NkNS1ONjJJ  
 
[debug] [2019-01-30T20:43:40.100Z] <<< HTTP RESPONSE 200
[debug] [2019-01-30T20:43:42.106Z] >>> HTTP REQUEST GET https://cloudfunctions.googleapis.com/v1/operations/cmV2ZW50cy0yMTUxMTkvdXMtY2VudHJhbDEvdW5mb2xsb3dVc2VyL1hzZ2NkNS1ONjJJ  
 
[debug] [2019-01-30T20:43:42.455Z] <<< HTTP RESPONSE 200
[debug] [2019-01-30T20:43:44.456Z] >>> HTTP REQUEST GET https://cloudfunctions.googleapis.com/v1/operations/cmV2ZW50cy0yMTUxMTkvdXMtY2VudHJhbDEvdW5mb2xsb3dVc2VyL1hzZ2NkNS1ONjJJ  
 
[debug] [2019-01-30T20:43:45.015Z] <<< HTTP RESPONSE 200
[debug] [2019-01-30T20:43:47.021Z] >>> HTTP REQUEST GET https://cloudfunctions.googleapis.com/v1/operations/cmV2ZW50cy0yMTUxMTkvdXMtY2VudHJhbDEvdW5mb2xsb3dVc2VyL1hzZ2NkNS1ONjJJ  
 
[debug] [2019-01-30T20:43:47.547Z] <<< HTTP RESPONSE 200
[debug] [2019-01-30T20:43:49.550Z] >>> HTTP REQUEST GET https://cloudfunctions.googleapis.com/v1/operations/cmV2ZW50cy0yMTUxMTkvdXMtY2VudHJhbDEvdW5mb2xsb3dVc2VyL1hzZ2NkNS1ONjJJ  
 
[debug] [2019-01-30T20:43:50.092Z] <<< HTTP RESPONSE 200
[debug] [2019-01-30T20:43:52.096Z] >>> HTTP REQUEST GET https://cloudfunctions.googleapis.com/v1/operations/cmV2ZW50cy0yMTUxMTkvdXMtY2VudHJhbDEvdW5mb2xsb3dVc2VyL1hzZ2NkNS1ONjJJ  
 
[debug] [2019-01-30T20:43:52.436Z] <<< HTTP RESPONSE 200
[debug] [2019-01-30T20:43:54.437Z] >>> HTTP REQUEST GET https://cloudfunctions.googleapis.com/v1/operations/cmV2ZW50cy0yMTUxMTkvdXMtY2VudHJhbDEvdW5mb2xsb3dVc2VyL1hzZ2NkNS1ONjJJ  
 
[debug] [2019-01-30T20:43:55.050Z] <<< HTTP RESPONSE 200
[debug] [2019-01-30T20:43:57.055Z] >>> HTTP REQUEST GET https://cloudfunctions.googleapis.com/v1/operations/cmV2ZW50cy0yMTUxMTkvdXMtY2VudHJhbDEvdW5mb2xsb3dVc2VyL1hzZ2NkNS1ONjJJ  
 
[debug] [2019-01-30T20:43:57.583Z] <<< HTTP RESPONSE 200
[debug] [2019-01-30T20:43:59.584Z] >>> HTTP REQUEST GET https://cloudfunctions.googleapis.com/v1/operations/cmV2ZW50cy0yMTUxMTkvdXMtY2VudHJhbDEvdW5mb2xsb3dVc2VyL1hzZ2NkNS1ONjJJ  
 
[debug] [2019-01-30T20:44:00.170Z] <<< HTTP RESPONSE 200
[debug] [2019-01-30T20:44:02.174Z] >>> HTTP REQUEST GET https://cloudfunctions.googleapis.com/v1/operations/cmV2ZW50cy0yMTUxMTkvdXMtY2VudHJhbDEvdW5mb2xsb3dVc2VyL1hzZ2NkNS1ONjJJ  
 
[debug] [2019-01-30T20:44:02.524Z] <<< HTTP RESPONSE 200
[debug] [2019-01-30T20:44:04.525Z] >>> HTTP REQUEST GET https://cloudfunctions.googleapis.com/v1/operations/cmV2ZW50cy0yMTUxMTkvdXMtY2VudHJhbDEvdW5mb2xsb3dVc2VyL1hzZ2NkNS1ONjJJ  
 
[debug] [2019-01-30T20:44:05.084Z] <<< HTTP RESPONSE 200
[debug] [2019-01-30T20:44:07.084Z] >>> HTTP REQUEST GET https://cloudfunctions.googleapis.com/v1/operations/cmV2ZW50cy0yMTUxMTkvdXMtY2VudHJhbDEvdW5mb2xsb3dVc2VyL1hzZ2NkNS1ONjJJ  
 
[debug] [2019-01-30T20:44:07.633Z] <<< HTTP RESPONSE 200
[debug] [2019-01-30T20:44:09.639Z] >>> HTTP REQUEST GET https://cloudfunctions.googleapis.com/v1/operations/cmV2ZW50cy0yMTUxMTkvdXMtY2VudHJhbDEvdW5mb2xsb3dVc2VyL1hzZ2NkNS1ONjJJ  
 
[debug] [2019-01-30T20:44:10.204Z] <<< HTTP RESPONSE 200
[debug] [2019-01-30T20:44:12.205Z] >>> HTTP REQUEST GET https://cloudfunctions.googleapis.com/v1/operations/cmV2ZW50cy0yMTUxMTkvdXMtY2VudHJhbDEvdW5mb2xsb3dVc2VyL1hzZ2NkNS1ONjJJ  
 
[debug] [2019-01-30T20:44:12.765Z] <<< HTTP RESPONSE 200
[debug] [2019-01-30T20:44:14.770Z] >>> HTTP REQUEST GET https://cloudfunctions.googleapis.com/v1/operations/cmV2ZW50cy0yMTUxMTkvdXMtY2VudHJhbDEvdW5mb2xsb3dVc2VyL1hzZ2NkNS1ONjJJ  
 
[debug] [2019-01-30T20:44:15.326Z] <<< HTTP RESPONSE 200
[debug] [2019-01-30T20:44:17.332Z] >>> HTTP REQUEST GET https://cloudfunctions.googleapis.com/v1/operations/cmV2ZW50cy0yMTUxMTkvdXMtY2VudHJhbDEvdW5mb2xsb3dVc2VyL1hzZ2NkNS1ONjJJ  
 
[debug] [2019-01-30T20:44:17.885Z] <<< HTTP RESPONSE 200
[debug] [2019-01-30T20:44:19.888Z] >>> HTTP REQUEST GET https://cloudfunctions.googleapis.com/v1/operations/cmV2ZW50cy0yMTUxMTkvdXMtY2VudHJhbDEvdW5mb2xsb3dVc2VyL1hzZ2NkNS1ONjJJ  
 
[debug] [2019-01-30T20:44:20.546Z] <<< HTTP RESPONSE 200
[debug] [2019-01-30T20:44:22.551Z] >>> HTTP REQUEST GET https://cloudfunctions.googleapis.com/v1/operations/cmV2ZW50cy0yMTUxMTkvdXMtY2VudHJhbDEvdW5mb2xsb3dVc2VyL1hzZ2NkNS1ONjJJ  
 
[debug] [2019-01-30T20:44:23.211Z] <<< HTTP RESPONSE 200
[debug] [2019-01-30T20:44:25.212Z] >>> HTTP REQUEST GET https://cloudfunctions.googleapis.com/v1/operations/cmV2ZW50cy0yMTUxMTkvdXMtY2VudHJhbDEvdW5mb2xsb3dVc2VyL1hzZ2NkNS1ONjJJ  
 
[debug] [2019-01-30T20:44:25.768Z] <<< HTTP RESPONSE 200
[debug] [2019-01-30T20:44:27.774Z] >>> HTTP REQUEST GET https://cloudfunctions.googleapis.com/v1/operations/cmV2ZW50cy0yMTUxMTkvdXMtY2VudHJhbDEvdW5mb2xsb3dVc2VyL1hzZ2NkNS1ONjJJ  
 
[debug] [2019-01-30T20:44:28.431Z] <<< HTTP RESPONSE 200
[debug] [2019-01-30T20:44:30.434Z] >>> HTTP REQUEST GET https://cloudfunctions.googleapis.com/v1/operations/cmV2ZW50cy0yMTUxMTkvdXMtY2VudHJhbDEvdW5mb2xsb3dVc2VyL1hzZ2NkNS1ONjJJ  
 
[debug] [2019-01-30T20:44:30.992Z] <<< HTTP RESPONSE 200
[debug] [2019-01-30T20:44:32.995Z] >>> HTTP REQUEST GET https://cloudfunctions.googleapis.com/v1/operations/cmV2ZW50cy0yMTUxMTkvdXMtY2VudHJhbDEvdW5mb2xsb3dVc2VyL1hzZ2NkNS1ONjJJ  
 
[debug] [2019-01-30T20:44:33.551Z] <<< HTTP RESPONSE 200
[debug] [2019-01-30T20:44:35.554Z] >>> HTTP REQUEST GET https://cloudfunctions.googleapis.com/v1/operations/cmV2ZW50cy0yMTUxMTkvdXMtY2VudHJhbDEvdW5mb2xsb3dVc2VyL1hzZ2NkNS1ONjJJ  
 
[debug] [2019-01-30T20:44:36.111Z] <<< HTTP RESPONSE 200
[debug] [2019-01-30T20:44:38.112Z] >>> HTTP REQUEST GET https://cloudfunctions.googleapis.com/v1/operations/cmV2ZW50cy0yMTUxMTkvdXMtY2VudHJhbDEvdW5mb2xsb3dVc2VyL1hzZ2NkNS1ONjJJ  
 
[debug] [2019-01-30T20:44:38.671Z] <<< HTTP RESPONSE 200
[debug] [2019-01-30T20:44:40.675Z] >>> HTTP REQUEST GET https://cloudfunctions.googleapis.com/v1/operations/cmV2ZW50cy0yMTUxMTkvdXMtY2VudHJhbDEvdW5mb2xsb3dVc2VyL1hzZ2NkNS1ONjJJ  
 
[debug] [2019-01-30T20:44:41.231Z] <<< HTTP RESPONSE 200
[debug] [2019-01-30T20:44:43.236Z] >>> HTTP REQUEST GET https://cloudfunctions.googleapis.com/v1/operations/cmV2ZW50cy0yMTUxMTkvdXMtY2VudHJhbDEvdW5mb2xsb3dVc2VyL1hzZ2NkNS1ONjJJ  
 
[debug] [2019-01-30T20:44:43.791Z] <<< HTTP RESPONSE 200
[debug] [2019-01-30T20:44:45.793Z] >>> HTTP REQUEST GET https://cloudfunctions.googleapis.com/v1/operations/cmV2ZW50cy0yMTUxMTkvdXMtY2VudHJhbDEvdW5mb2xsb3dVc2VyL1hzZ2NkNS1ONjJJ  
 
[debug] [2019-01-30T20:44:46.455Z] <<< HTTP RESPONSE 200
[debug] [2019-01-30T20:44:48.455Z] >>> HTTP REQUEST GET https://cloudfunctions.googleapis.com/v1/operations/cmV2ZW50cy0yMTUxMTkvdXMtY2VudHJhbDEvdW5mb2xsb3dVc2VyL1hzZ2NkNS1ONjJJ  
 
[debug] [2019-01-30T20:44:48.982Z] <<< HTTP RESPONSE 200
[debug] [2019-01-30T20:44:50.985Z] >>> HTTP REQUEST GET https://cloudfunctions.googleapis.com/v1/operations/cmV2ZW50cy0yMTUxMTkvdXMtY2VudHJhbDEvdW5mb2xsb3dVc2VyL1hzZ2NkNS1ONjJJ  
 
[debug] [2019-01-30T20:44:51.574Z] <<< HTTP RESPONSE 200
[debug] [2019-01-30T20:44:53.580Z] >>> HTTP REQUEST GET https://cloudfunctions.googleapis.com/v1/operations/cmV2ZW50cy0yMTUxMTkvdXMtY2VudHJhbDEvdW5mb2xsb3dVc2VyL1hzZ2NkNS1ONjJJ  
 
[debug] [2019-01-30T20:44:54.135Z] <<< HTTP RESPONSE 200
[debug] [2019-01-30T20:44:56.138Z] >>> HTTP REQUEST GET https://cloudfunctions.googleapis.com/v1/operations/cmV2ZW50cy0yMTUxMTkvdXMtY2VudHJhbDEvdW5mb2xsb3dVc2VyL1hzZ2NkNS1ONjJJ  
 
[debug] [2019-01-30T20:44:56.693Z] <<< HTTP RESPONSE 200
[debug] [2019-01-30T20:44:58.697Z] >>> HTTP REQUEST GET https://cloudfunctions.googleapis.com/v1/operations/cmV2ZW50cy0yMTUxMTkvdXMtY2VudHJhbDEvdW5mb2xsb3dVc2VyL1hzZ2NkNS1ONjJJ  
 
[debug] [2019-01-30T20:44:59.050Z] <<< HTTP RESPONSE 200
[debug] [2019-01-30T20:45:01.051Z] >>> HTTP REQUEST GET https://cloudfunctions.googleapis.com/v1/operations/cmV2ZW50cy0yMTUxMTkvdXMtY2VudHJhbDEvdW5mb2xsb3dVc2VyL1hzZ2NkNS1ONjJJ  
 
[debug] [2019-01-30T20:45:01.588Z] <<< HTTP RESPONSE 200
[debug] [2019-01-30T20:45:03.590Z] >>> HTTP REQUEST GET https://cloudfunctions.googleapis.com/v1/operations/cmV2ZW50cy0yMTUxMTkvdXMtY2VudHJhbDEvdW5mb2xsb3dVc2VyL1hzZ2NkNS1ONjJJ  
 
[debug] [2019-01-30T20:45:04.169Z] <<< HTTP RESPONSE 200
[debug] [2019-01-30T20:45:06.171Z] >>> HTTP REQUEST GET https://cloudfunctions.googleapis.com/v1/operations/cmV2ZW50cy0yMTUxMTkvdXMtY2VudHJhbDEvdW5mb2xsb3dVc2VyL1hzZ2NkNS1ONjJJ  
 
[debug] [2019-01-30T20:45:06.697Z] <<< HTTP RESPONSE 200
[debug] [2019-01-30T20:45:08.697Z] >>> HTTP REQUEST GET https://cloudfunctions.googleapis.com/v1/operations/cmV2ZW50cy0yMTUxMTkvdXMtY2VudHJhbDEvdW5mb2xsb3dVc2VyL1hzZ2NkNS1ONjJJ  
 
[debug] [2019-01-30T20:45:09.290Z] <<< HTTP RESPONSE 200
[debug] [2019-01-30T20:45:11.293Z] >>> HTTP REQUEST GET https://cloudfunctions.googleapis.com/v1/operations/cmV2ZW50cy0yMTUxMTkvdXMtY2VudHJhbDEvdW5mb2xsb3dVc2VyL1hzZ2NkNS1ONjJJ  
 
[debug] [2019-01-30T20:45:11.849Z] <<< HTTP RESPONSE 200
[debug] [2019-01-30T20:45:13.852Z] >>> HTTP REQUEST GET https://cloudfunctions.googleapis.com/v1/operations/cmV2ZW50cy0yMTUxMTkvdXMtY2VudHJhbDEvdW5mb2xsb3dVc2VyL1hzZ2NkNS1ONjJJ  
 
[debug] [2019-01-30T20:45:14.206Z] <<< HTTP RESPONSE 200
[debug] [2019-01-30T20:45:16.209Z] >>> HTTP REQUEST GET https://cloudfunctions.googleapis.com/v1/operations/cmV2ZW50cy0yMTUxMTkvdXMtY2VudHJhbDEvdW5mb2xsb3dVc2VyL1hzZ2NkNS1ONjJJ  
 
[debug] [2019-01-30T20:45:16.765Z] <<< HTTP RESPONSE 200
[debug] [2019-01-30T20:45:18.766Z] >>> HTTP REQUEST GET https://cloudfunctions.googleapis.com/v1/operations/cmV2ZW50cy0yMTUxMTkvdXMtY2VudHJhbDEvdW5mb2xsb3dVc2VyL1hzZ2NkNS1ONjJJ  
 
[debug] [2019-01-30T20:45:19.326Z] <<< HTTP RESPONSE 200
[debug] [2019-01-30T20:45:21.329Z] >>> HTTP REQUEST GET https://cloudfunctions.googleapis.com/v1/operations/cmV2ZW50cy0yMTUxMTkvdXMtY2VudHJhbDEvdW5mb2xsb3dVc2VyL1hzZ2NkNS1ONjJJ  
 
[debug] [2019-01-30T20:45:21.860Z] <<< HTTP RESPONSE 200
[debug] [2019-01-30T20:45:23.861Z] >>> HTTP REQUEST GET https://cloudfunctions.googleapis.com/v1/operations/cmV2ZW50cy0yMTUxMTkvdXMtY2VudHJhbDEvdW5mb2xsb3dVc2VyL1hzZ2NkNS1ONjJJ  
 
[debug] [2019-01-30T20:45:24.446Z] <<< HTTP RESPONSE 200
[debug] [2019-01-30T20:45:26.447Z] >>> HTTP REQUEST GET https://cloudfunctions.googleapis.com/v1/operations/cmV2ZW50cy0yMTUxMTkvdXMtY2VudHJhbDEvdW5mb2xsb3dVc2VyL1hzZ2NkNS1ONjJJ  
 
[debug] [2019-01-30T20:45:26.968Z] <<< HTTP RESPONSE 200
[debug] [2019-01-30T20:45:28.969Z] >>> HTTP REQUEST GET https://cloudfunctions.googleapis.com/v1/operations/cmV2ZW50cy0yMTUxMTkvdXMtY2VudHJhbDEvdW5mb2xsb3dVc2VyL1hzZ2NkNS1ONjJJ  
 
[debug] [2019-01-30T20:45:29.361Z] <<< HTTP RESPONSE 200
[debug] [2019-01-30T20:45:31.362Z] >>> HTTP REQUEST GET https://cloudfunctions.googleapis.com/v1/operations/cmV2ZW50cy0yMTUxMTkvdXMtY2VudHJhbDEvdW5mb2xsb3dVc2VyL1hzZ2NkNS1ONjJJ  
 
[debug] [2019-01-30T20:45:31.901Z] <<< HTTP RESPONSE 200
[debug] [2019-01-30T20:45:33.906Z] >>> HTTP REQUEST GET https://cloudfunctions.googleapis.com/v1/operations/cmV2ZW50cy0yMTUxMTkvdXMtY2VudHJhbDEvdW5mb2xsb3dVc2VyL1hzZ2NkNS1ONjJJ  
 
[debug] [2019-01-30T20:45:34.443Z] <<< HTTP RESPONSE 200
[debug] [2019-01-30T20:45:36.445Z] >>> HTTP REQUEST GET https://cloudfunctions.googleapis.com/v1/operations/cmV2ZW50cy0yMTUxMTkvdXMtY2VudHJhbDEvdW5mb2xsb3dVc2VyL1hzZ2NkNS1ONjJJ  
 
[debug] [2019-01-30T20:45:37.041Z] <<< HTTP RESPONSE 200
[debug] [2019-01-30T20:45:39.044Z] >>> HTTP REQUEST GET https://cloudfunctions.googleapis.com/v1/operations/cmV2ZW50cy0yMTUxMTkvdXMtY2VudHJhbDEvdW5mb2xsb3dVc2VyL1hzZ2NkNS1ONjJJ  
 
[debug] [2019-01-30T20:45:39.600Z] <<< HTTP RESPONSE 200
[debug] [2019-01-30T20:45:41.604Z] >>> HTTP REQUEST GET https://cloudfunctions.googleapis.com/v1/operations/cmV2ZW50cy0yMTUxMTkvdXMtY2VudHJhbDEvdW5mb2xsb3dVc2VyL1hzZ2NkNS1ONjJJ  
 
[debug] [2019-01-30T20:45:42.122Z] <<< HTTP RESPONSE 200
[debug] [2019-01-30T20:45:44.124Z] >>> HTTP REQUEST GET https://cloudfunctions.googleapis.com/v1/operations/cmV2ZW50cy0yMTUxMTkvdXMtY2VudHJhbDEvdW5mb2xsb3dVc2VyL1hzZ2NkNS1ONjJJ  
 
[debug] [2019-01-30T20:45:44.721Z] <<< HTTP RESPONSE 200
[debug] [2019-01-30T20:45:46.727Z] >>> HTTP REQUEST GET https://cloudfunctions.googleapis.com/v1/operations/cmV2ZW50cy0yMTUxMTkvdXMtY2VudHJhbDEvdW5mb2xsb3dVc2VyL1hzZ2NkNS1ONjJJ  
 
[debug] [2019-01-30T20:45:47.280Z] <<< HTTP RESPONSE 200
[debug] [2019-01-30T20:45:49.286Z] >>> HTTP REQUEST GET https://cloudfunctions.googleapis.com/v1/operations/cmV2ZW50cy0yMTUxMTkvdXMtY2VudHJhbDEvdW5mb2xsb3dVc2VyL1hzZ2NkNS1ONjJJ  
 
[debug] [2019-01-30T20:45:49.841Z] <<< HTTP RESPONSE 200
[debug] [2019-01-30T20:45:51.847Z] >>> HTTP REQUEST GET https://cloudfunctions.googleapis.com/v1/operations/cmV2ZW50cy0yMTUxMTkvdXMtY2VudHJhbDEvdW5mb2xsb3dVc2VyL1hzZ2NkNS1ONjJJ  
 
[debug] [2019-01-30T20:45:52.425Z] <<< HTTP RESPONSE 200
[debug] [2019-01-30T20:45:54.426Z] >>> HTTP REQUEST GET https://cloudfunctions.googleapis.com/v1/operations/cmV2ZW50cy0yMTUxMTkvdXMtY2VudHJhbDEvdW5mb2xsb3dVc2VyL1hzZ2NkNS1ONjJJ  
 
[debug] [2019-01-30T20:45:55.063Z] <<< HTTP RESPONSE 200
[debug] [2019-01-30T20:45:57.066Z] >>> HTTP REQUEST GET https://cloudfunctions.googleapis.com/v1/operations/cmV2ZW50cy0yMTUxMTkvdXMtY2VudHJhbDEvdW5mb2xsb3dVc2VyL1hzZ2NkNS1ONjJJ  
 
[debug] [2019-01-30T20:45:57.418Z] <<< HTTP RESPONSE 200
[debug] [2019-01-30T20:45:59.421Z] >>> HTTP REQUEST GET https://cloudfunctions.googleapis.com/v1/operations/cmV2ZW50cy0yMTUxMTkvdXMtY2VudHJhbDEvdW5mb2xsb3dVc2VyL1hzZ2NkNS1ONjJJ  
 
[debug] [2019-01-30T20:45:59.772Z] <<< HTTP RESPONSE 200
[debug] [2019-01-30T20:46:01.778Z] >>> HTTP REQUEST GET https://cloudfunctions.googleapis.com/v1/operations/cmV2ZW50cy0yMTUxMTkvdXMtY2VudHJhbDEvdW5mb2xsb3dVc2VyL1hzZ2NkNS1ONjJJ  
 
[debug] [2019-01-30T20:46:02.435Z] <<< HTTP RESPONSE 200
[debug] [2019-01-30T20:46:04.438Z] >>> HTTP REQUEST GET https://cloudfunctions.googleapis.com/v1/operations/cmV2ZW50cy0yMTUxMTkvdXMtY2VudHJhbDEvdW5mb2xsb3dVc2VyL1hzZ2NkNS1ONjJJ  
 
[debug] [2019-01-30T20:46:04.790Z] <<< HTTP RESPONSE 200
[debug] [2019-01-30T20:46:06.796Z] >>> HTTP REQUEST GET https://cloudfunctions.googleapis.com/v1/operations/cmV2ZW50cy0yMTUxMTkvdXMtY2VudHJhbDEvdW5mb2xsb3dVc2VyL1hzZ2NkNS1ONjJJ  
 
[debug] [2019-01-30T20:46:07.145Z] <<< HTTP RESPONSE 200
[debug] [2019-01-30T20:46:09.151Z] >>> HTTP REQUEST GET https://cloudfunctions.googleapis.com/v1/operations/cmV2ZW50cy0yMTUxMTkvdXMtY2VudHJhbDEvdW5mb2xsb3dVc2VyL1hzZ2NkNS1ONjJJ  
 
[debug] [2019-01-30T20:46:09.704Z] <<< HTTP RESPONSE 200
[debug] [2019-01-30T20:46:11.707Z] >>> HTTP REQUEST GET https://cloudfunctions.googleapis.com/v1/operations/cmV2ZW50cy0yMTUxMTkvdXMtY2VudHJhbDEvdW5mb2xsb3dVc2VyL1hzZ2NkNS1ONjJJ  
 
[debug] [2019-01-30T20:46:12.059Z] <<< HTTP RESPONSE 200
[debug] [2019-01-30T20:46:14.065Z] >>> HTTP REQUEST GET https://cloudfunctions.googleapis.com/v1/operations/cmV2ZW50cy0yMTUxMTkvdXMtY2VudHJhbDEvdW5mb2xsb3dVc2VyL1hzZ2NkNS1ONjJJ  
 
[debug] [2019-01-30T20:46:14.617Z] <<< HTTP RESPONSE 200
[debug] [2019-01-30T20:46:16.624Z] >>> HTTP REQUEST GET https://cloudfunctions.googleapis.com/v1/operations/cmV2ZW50cy0yMTUxMTkvdXMtY2VudHJhbDEvdW5mb2xsb3dVc2VyL1hzZ2NkNS1ONjJJ  
 
[debug] [2019-01-30T20:46:17.170Z] <<< HTTP RESPONSE 200
[debug] [2019-01-30T20:46:19.176Z] >>> HTTP REQUEST GET https://cloudfunctions.googleapis.com/v1/operations/cmV2ZW50cy0yMTUxMTkvdXMtY2VudHJhbDEvdW5mb2xsb3dVc2VyL1hzZ2NkNS1ONjJJ  
 
[debug] [2019-01-30T20:46:19.530Z] <<< HTTP RESPONSE 200
[debug] [2019-01-30T20:46:21.537Z] >>> HTTP REQUEST GET https://cloudfunctions.googleapis.com/v1/operations/cmV2ZW50cy0yMTUxMTkvdXMtY2VudHJhbDEvdW5mb2xsb3dVc2VyL1hzZ2NkNS1ONjJJ  
 
[debug] [2019-01-30T20:46:22.056Z] <<< HTTP RESPONSE 200
[debug] [2019-01-30T20:46:24.063Z] >>> HTTP REQUEST GET https://cloudfunctions.googleapis.com/v1/operations/cmV2ZW50cy0yMTUxMTkvdXMtY2VudHJhbDEvdW5mb2xsb3dVc2VyL1hzZ2NkNS1ONjJJ  
 
[debug] [2019-01-30T20:46:24.652Z] <<< HTTP RESPONSE 200
[debug] [2019-01-30T20:46:26.659Z] >>> HTTP REQUEST GET https://cloudfunctions.googleapis.com/v1/operations/cmV2ZW50cy0yMTUxMTkvdXMtY2VudHJhbDEvdW5mb2xsb3dVc2VyL1hzZ2NkNS1ONjJJ  
 
[debug] [2019-01-30T20:46:27.210Z] <<< HTTP RESPONSE 200
[debug] [2019-01-30T20:46:29.214Z] >>> HTTP REQUEST GET https://cloudfunctions.googleapis.com/v1/operations/cmV2ZW50cy0yMTUxMTkvdXMtY2VudHJhbDEvdW5mb2xsb3dVc2VyL1hzZ2NkNS1ONjJJ  
 
[debug] [2019-01-30T20:46:29.771Z] <<< HTTP RESPONSE 200
[debug] [2019-01-30T20:46:31.777Z] >>> HTTP REQUEST GET https://cloudfunctions.googleapis.com/v1/operations/cmV2ZW50cy0yMTUxMTkvdXMtY2VudHJhbDEvdW5mb2xsb3dVc2VyL1hzZ2NkNS1ONjJJ  
 
[debug] [2019-01-30T20:46:32.433Z] <<< HTTP RESPONSE 200
[debug] [2019-01-30T20:46:34.439Z] >>> HTTP REQUEST GET https://cloudfunctions.googleapis.com/v1/operations/cmV2ZW50cy0yMTUxMTkvdXMtY2VudHJhbDEvdW5mb2xsb3dVc2VyL1hzZ2NkNS1ONjJJ  
 
[debug] [2019-01-30T20:46:34.992Z] <<< HTTP RESPONSE 200
[debug] [2019-01-30T20:46:36.999Z] >>> HTTP REQUEST GET https://cloudfunctions.googleapis.com/v1/operations/cmV2ZW50cy0yMTUxMTkvdXMtY2VudHJhbDEvdW5mb2xsb3dVc2VyL1hzZ2NkNS1ONjJJ  
 
[debug] [2019-01-30T20:46:37.540Z] <<< HTTP RESPONSE 200
[debug] [2019-01-30T20:46:39.546Z] >>> HTTP REQUEST GET https://cloudfunctions.googleapis.com/v1/operations/cmV2ZW50cy0yMTUxMTkvdXMtY2VudHJhbDEvdW5mb2xsb3dVc2VyL1hzZ2NkNS1ONjJJ  
 
[debug] [2019-01-30T20:46:40.112Z] <<< HTTP RESPONSE 200
[debug] [2019-01-30T20:46:42.118Z] >>> HTTP REQUEST GET https://cloudfunctions.googleapis.com/v1/operations/cmV2ZW50cy0yMTUxMTkvdXMtY2VudHJhbDEvdW5mb2xsb3dVc2VyL1hzZ2NkNS1ONjJJ  
 
[debug] [2019-01-30T20:46:42.672Z] <<< HTTP RESPONSE 200
[debug] [2019-01-30T20:46:44.675Z] >>> HTTP REQUEST GET https://cloudfunctions.googleapis.com/v1/operations/cmV2ZW50cy0yMTUxMTkvdXMtY2VudHJhbDEvdW5mb2xsb3dVc2VyL1hzZ2NkNS1ONjJJ  
 
[debug] [2019-01-30T20:46:45.231Z] <<< HTTP RESPONSE 200
[debug] [2019-01-30T20:46:47.236Z] >>> HTTP REQUEST GET https://cloudfunctions.googleapis.com/v1/operations/cmV2ZW50cy0yMTUxMTkvdXMtY2VudHJhbDEvdW5mb2xsb3dVc2VyL1hzZ2NkNS1ONjJJ  
 
[debug] [2019-01-30T20:46:47.790Z] <<< HTTP RESPONSE 200
[debug] [2019-01-30T20:46:49.796Z] >>> HTTP REQUEST GET https://cloudfunctions.googleapis.com/v1/operations/cmV2ZW50cy0yMTUxMTkvdXMtY2VudHJhbDEvdW5mb2xsb3dVc2VyL1hzZ2NkNS1ONjJJ  
 
[debug] [2019-01-30T20:46:50.351Z] <<< HTTP RESPONSE 200
[debug] [2019-01-30T20:46:52.357Z] >>> HTTP REQUEST GET https://cloudfunctions.googleapis.com/v1/operations/cmV2ZW50cy0yMTUxMTkvdXMtY2VudHJhbDEvdW5mb2xsb3dVc2VyL1hzZ2NkNS1ONjJJ  
 
[debug] [2019-01-30T20:46:52.909Z] <<< HTTP RESPONSE 200
[debug] [2019-01-30T20:46:54.916Z] >>> HTTP REQUEST GET https://cloudfunctions.googleapis.com/v1/operations/cmV2ZW50cy0yMTUxMTkvdXMtY2VudHJhbDEvdW5mb2xsb3dVc2VyL1hzZ2NkNS1ONjJJ  
 
[debug] [2019-01-30T20:46:55.470Z] <<< HTTP RESPONSE 200
[debug] [2019-01-30T20:46:57.477Z] >>> HTTP REQUEST GET https://cloudfunctions.googleapis.com/v1/operations/cmV2ZW50cy0yMTUxMTkvdXMtY2VudHJhbDEvdW5mb2xsb3dVc2VyL1hzZ2NkNS1ONjJJ  
 
[debug] [2019-01-30T20:46:57.928Z] <<< HTTP RESPONSE 200
[debug] [2019-01-30T20:46:59.933Z] >>> HTTP REQUEST GET https://cloudfunctions.googleapis.com/v1/operations/cmV2ZW50cy0yMTUxMTkvdXMtY2VudHJhbDEvdW5mb2xsb3dVc2VyL1hzZ2NkNS1ONjJJ  
 
[debug] [2019-01-30T20:47:00.487Z] <<< HTTP RESPONSE 200
[debug] [2019-01-30T20:47:02.494Z] >>> HTTP REQUEST GET https://cloudfunctions.googleapis.com/v1/operations/cmV2ZW50cy0yMTUxMTkvdXMtY2VudHJhbDEvdW5mb2xsb3dVc2VyL1hzZ2NkNS1ONjJJ  
 
[debug] [2019-01-30T20:47:02.843Z] <<< HTTP RESPONSE 200
[debug] [2019-01-30T20:47:04.849Z] >>> HTTP REQUEST GET https://cloudfunctions.googleapis.com/v1/operations/cmV2ZW50cy0yMTUxMTkvdXMtY2VudHJhbDEvdW5mb2xsb3dVc2VyL1hzZ2NkNS1ONjJJ  
 
[debug] [2019-01-30T20:47:05.183Z] <<< HTTP RESPONSE 200
[debug] [2019-01-30T20:47:07.190Z] >>> HTTP REQUEST GET https://cloudfunctions.googleapis.com/v1/operations/cmV2ZW50cy0yMTUxMTkvdXMtY2VudHJhbDEvdW5mb2xsb3dVc2VyL1hzZ2NkNS1ONjJJ  
 
[debug] [2019-01-30T20:47:07.757Z] <<< HTTP RESPONSE 200
[debug] [2019-01-30T20:47:09.763Z] >>> HTTP REQUEST GET https://cloudfunctions.googleapis.com/v1/operations/cmV2ZW50cy0yMTUxMTkvdXMtY2VudHJhbDEvdW5mb2xsb3dVc2VyL1hzZ2NkNS1ONjJJ  
 
[debug] [2019-01-30T20:47:10.419Z] <<< HTTP RESPONSE 200
[debug] [2019-01-30T20:47:12.425Z] >>> HTTP REQUEST GET https://cloudfunctions.googleapis.com/v1/operations/cmV2ZW50cy0yMTUxMTkvdXMtY2VudHJhbDEvdW5mb2xsb3dVc2VyL1hzZ2NkNS1ONjJJ  
 
[debug] [2019-01-30T20:47:13.082Z] <<< HTTP RESPONSE 200
[debug] [2019-01-30T20:47:15.088Z] >>> HTTP REQUEST GET https://cloudfunctions.googleapis.com/v1/operations/cmV2ZW50cy0yMTUxMTkvdXMtY2VudHJhbDEvdW5mb2xsb3dVc2VyL1hzZ2NkNS1ONjJJ  
 
[debug] [2019-01-30T20:47:15.641Z] <<< HTTP RESPONSE 200
[debug] [2019-01-30T20:47:17.647Z] >>> HTTP REQUEST GET https://cloudfunctions.googleapis.com/v1/operations/cmV2ZW50cy0yMTUxMTkvdXMtY2VudHJhbDEvdW5mb2xsb3dVc2VyL1hzZ2NkNS1ONjJJ  
 
[debug] [2019-01-30T20:47:18.199Z] <<< HTTP RESPONSE 200
[debug] [2019-01-30T20:47:20.205Z] >>> HTTP REQUEST GET https://cloudfunctions.googleapis.com/v1/operations/cmV2ZW50cy0yMTUxMTkvdXMtY2VudHJhbDEvdW5mb2xsb3dVc2VyL1hzZ2NkNS1ONjJJ  
 
[debug] [2019-01-30T20:47:20.864Z] <<< HTTP RESPONSE 200
[debug] [2019-01-30T20:47:22.870Z] >>> HTTP REQUEST GET https://cloudfunctions.googleapis.com/v1/operations/cmV2ZW50cy0yMTUxMTkvdXMtY2VudHJhbDEvdW5mb2xsb3dVc2VyL1hzZ2NkNS1ONjJJ  
 
[debug] [2019-01-30T20:47:23.422Z] <<< HTTP RESPONSE 200
[debug] [2019-01-30T20:47:25.428Z] >>> HTTP REQUEST GET https://cloudfunctions.googleapis.com/v1/operations/cmV2ZW50cy0yMTUxMTkvdXMtY2VudHJhbDEvdW5mb2xsb3dVc2VyL1hzZ2NkNS1ONjJJ  
 
[debug] [2019-01-30T20:47:25.983Z] <<< HTTP RESPONSE 200
[debug] [2019-01-30T20:47:27.985Z] >>> HTTP REQUEST GET https://cloudfunctions.googleapis.com/v1/operations/cmV2ZW50cy0yMTUxMTkvdXMtY2VudHJhbDEvdW5mb2xsb3dVc2VyL1hzZ2NkNS1ONjJJ  
 
[debug] [2019-01-30T20:47:28.542Z] <<< HTTP RESPONSE 200
[debug] [2019-01-30T20:47:30.548Z] >>> HTTP REQUEST GET https://cloudfunctions.googleapis.com/v1/operations/cmV2ZW50cy0yMTUxMTkvdXMtY2VudHJhbDEvdW5mb2xsb3dVc2VyL1hzZ2NkNS1ONjJJ  
 
[debug] [2019-01-30T20:47:31.102Z] <<< HTTP RESPONSE 200
[debug] [2019-01-30T20:47:33.108Z] >>> HTTP REQUEST GET https://cloudfunctions.googleapis.com/v1/operations/cmV2ZW50cy0yMTUxMTkvdXMtY2VudHJhbDEvdW5mb2xsb3dVc2VyL1hzZ2NkNS1ONjJJ  
 
[debug] [2019-01-30T20:47:33.661Z] <<< HTTP RESPONSE 200
[debug] [2019-01-30T20:47:35.667Z] >>> HTTP REQUEST GET https://cloudfunctions.googleapis.com/v1/operations/cmV2ZW50cy0yMTUxMTkvdXMtY2VudHJhbDEvdW5mb2xsb3dVc2VyL1hzZ2NkNS1ONjJJ  
 
[debug] [2019-01-30T20:47:36.221Z] <<< HTTP RESPONSE 200
[debug] [2019-01-30T20:47:38.227Z] >>> HTTP REQUEST GET https://cloudfunctions.googleapis.com/v1/operations/cmV2ZW50cy0yMTUxMTkvdXMtY2VudHJhbDEvdW5mb2xsb3dVc2VyL1hzZ2NkNS1ONjJJ  
 
[debug] [2019-01-30T20:47:38.782Z] <<< HTTP RESPONSE 200
[debug] [2019-01-30T20:47:40.787Z] >>> HTTP REQUEST GET https://cloudfunctions.googleapis.com/v1/operations/cmV2ZW50cy0yMTUxMTkvdXMtY2VudHJhbDEvdW5mb2xsb3dVc2VyL1hzZ2NkNS1ONjJJ  
 
[debug] [2019-01-30T20:47:41.341Z] <<< HTTP RESPONSE 200
[debug] [2019-01-30T20:47:43.346Z] >>> HTTP REQUEST GET https://cloudfunctions.googleapis.com/v1/operations/cmV2ZW50cy0yMTUxMTkvdXMtY2VudHJhbDEvdW5mb2xsb3dVc2VyL1hzZ2NkNS1ONjJJ  
 
[debug] [2019-01-30T20:47:43.903Z] <<< HTTP RESPONSE 200
[debug] [2019-01-30T20:47:45.909Z] >>> HTTP REQUEST GET https://cloudfunctions.googleapis.com/v1/operations/cmV2ZW50cy0yMTUxMTkvdXMtY2VudHJhbDEvdW5mb2xsb3dVc2VyL1hzZ2NkNS1ONjJJ  
 
[debug] [2019-01-30T20:47:46.461Z] <<< HTTP RESPONSE 200
[debug] [2019-01-30T20:47:48.467Z] >>> HTTP REQUEST GET https://cloudfunctions.googleapis.com/v1/operations/cmV2ZW50cy0yMTUxMTkvdXMtY2VudHJhbDEvdW5mb2xsb3dVc2VyL1hzZ2NkNS1ONjJJ  
 
[debug] [2019-01-30T20:47:49.008Z] <<< HTTP RESPONSE 200
[debug] [2019-01-30T20:47:51.013Z] >>> HTTP REQUEST GET https://cloudfunctions.googleapis.com/v1/operations/cmV2ZW50cy0yMTUxMTkvdXMtY2VudHJhbDEvdW5mb2xsb3dVc2VyL1hzZ2NkNS1ONjJJ  
 
[debug] [2019-01-30T20:47:51.581Z] <<< HTTP RESPONSE 200
[debug] [2019-01-30T20:47:53.587Z] >>> HTTP REQUEST GET https://cloudfunctions.googleapis.com/v1/operations/cmV2ZW50cy0yMTUxMTkvdXMtY2VudHJhbDEvdW5mb2xsb3dVc2VyL1hzZ2NkNS1ONjJJ  
 
[debug] [2019-01-30T20:47:53.936Z] <<< HTTP RESPONSE 200
[debug] [2019-01-30T20:47:55.943Z] >>> HTTP REQUEST GET https://cloudfunctions.googleapis.com/v1/operations/cmV2ZW50cy0yMTUxMTkvdXMtY2VudHJhbDEvdW5mb2xsb3dVc2VyL1hzZ2NkNS1ONjJJ  
 
[debug] [2019-01-30T20:47:56.496Z] <<< HTTP RESPONSE 200
[debug] [2019-01-30T20:47:58.501Z] >>> HTTP REQUEST GET https://cloudfunctions.googleapis.com/v1/operations/cmV2ZW50cy0yMTUxMTkvdXMtY2VudHJhbDEvdW5mb2xsb3dVc2VyL1hzZ2NkNS1ONjJJ  
 
[debug] [2019-01-30T20:47:58.953Z] <<< HTTP RESPONSE 200
[debug] [2019-01-30T20:48:00.958Z] >>> HTTP REQUEST GET https://cloudfunctions.googleapis.com/v1/operations/cmV2ZW50cy0yMTUxMTkvdXMtY2VudHJhbDEvdW5mb2xsb3dVc2VyL1hzZ2NkNS1ONjJJ  
 
[debug] [2019-01-30T20:48:01.513Z] <<< HTTP RESPONSE 200
[debug] [2019-01-30T20:48:03.519Z] >>> HTTP REQUEST GET https://cloudfunctions.googleapis.com/v1/operations/cmV2ZW50cy0yMTUxMTkvdXMtY2VudHJhbDEvdW5mb2xsb3dVc2VyL1hzZ2NkNS1ONjJJ  
 
[debug] [2019-01-30T20:48:04.074Z] <<< HTTP RESPONSE 200
[debug] [2019-01-30T20:48:06.077Z] >>> HTTP REQUEST GET https://cloudfunctions.googleapis.com/v1/operations/cmV2ZW50cy0yMTUxMTkvdXMtY2VudHJhbDEvdW5mb2xsb3dVc2VyL1hzZ2NkNS1ONjJJ  
 
[debug] [2019-01-30T20:48:06.632Z] <<< HTTP RESPONSE 200
[debug] [2019-01-30T20:48:08.638Z] >>> HTTP REQUEST GET https://cloudfunctions.googleapis.com/v1/operations/cmV2ZW50cy0yMTUxMTkvdXMtY2VudHJhbDEvdW5mb2xsb3dVc2VyL1hzZ2NkNS1ONjJJ  
 
[debug] [2019-01-30T20:48:09.193Z] <<< HTTP RESPONSE 200
[debug] [2019-01-30T20:48:11.200Z] >>> HTTP REQUEST GET https://cloudfunctions.googleapis.com/v1/operations/cmV2ZW50cy0yMTUxMTkvdXMtY2VudHJhbDEvdW5mb2xsb3dVc2VyL1hzZ2NkNS1ONjJJ  
 
[debug] [2019-01-30T20:48:11.752Z] <<< HTTP RESPONSE 200
[debug] [2019-01-30T20:48:13.758Z] >>> HTTP REQUEST GET https://cloudfunctions.googleapis.com/v1/operations/cmV2ZW50cy0yMTUxMTkvdXMtY2VudHJhbDEvdW5mb2xsb3dVc2VyL1hzZ2NkNS1ONjJJ  
 
[debug] [2019-01-30T20:48:14.283Z] <<< HTTP RESPONSE 200
[debug] [2019-01-30T20:48:16.289Z] >>> HTTP REQUEST GET https://cloudfunctions.googleapis.com/v1/operations/cmV2ZW50cy0yMTUxMTkvdXMtY2VudHJhbDEvdW5mb2xsb3dVc2VyL1hzZ2NkNS1ONjJJ  
 
[debug] [2019-01-30T20:48:16.838Z] <<< HTTP RESPONSE 200
[debug] [2019-01-30T20:48:18.843Z] >>> HTTP REQUEST GET https://cloudfunctions.googleapis.com/v1/operations/cmV2ZW50cy0yMTUxMTkvdXMtY2VudHJhbDEvdW5mb2xsb3dVc2VyL1hzZ2NkNS1ONjJJ  
 
[debug] [2019-01-30T20:48:19.376Z] <<< HTTP RESPONSE 200
[debug] [2019-01-30T20:48:21.380Z] >>> HTTP REQUEST GET https://cloudfunctions.googleapis.com/v1/operations/cmV2ZW50cy0yMTUxMTkvdXMtY2VudHJhbDEvdW5mb2xsb3dVc2VyL1hzZ2NkNS1ONjJJ  
 
[debug] [2019-01-30T20:48:21.991Z] <<< HTTP RESPONSE 200
[debug] [2019-01-30T20:48:23.997Z] >>> HTTP REQUEST GET https://cloudfunctions.googleapis.com/v1/operations/cmV2ZW50cy0yMTUxMTkvdXMtY2VudHJhbDEvdW5mb2xsb3dVc2VyL1hzZ2NkNS1ONjJJ  
 
[debug] [2019-01-30T20:48:24.529Z] <<< HTTP RESPONSE 200
[debug] [2019-01-30T20:48:26.533Z] >>> HTTP REQUEST GET https://cloudfunctions.googleapis.com/v1/operations/cmV2ZW50cy0yMTUxMTkvdXMtY2VudHJhbDEvdW5mb2xsb3dVc2VyL1hzZ2NkNS1ONjJJ  
 
[debug] [2019-01-30T20:48:27.112Z] <<< HTTP RESPONSE 200
[debug] [2019-01-30T20:48:29.119Z] >>> HTTP REQUEST GET https://cloudfunctions.googleapis.com/v1/operations/cmV2ZW50cy0yMTUxMTkvdXMtY2VudHJhbDEvdW5mb2xsb3dVc2VyL1hzZ2NkNS1ONjJJ  
 
[debug] [2019-01-30T20:48:29.672Z] <<< HTTP RESPONSE 200
[debug] [2019-01-30T20:48:31.672Z] >>> HTTP REQUEST GET https://cloudfunctions.googleapis.com/v1/operations/cmV2ZW50cy0yMTUxMTkvdXMtY2VudHJhbDEvdW5mb2xsb3dVc2VyL1hzZ2NkNS1ONjJJ  
 
[debug] [2019-01-30T20:48:32.228Z] <<< HTTP RESPONSE 200
[debug] [2019-01-30T20:48:34.231Z] >>> HTTP REQUEST GET https://cloudfunctions.googleapis.com/v1/operations/cmV2ZW50cy0yMTUxMTkvdXMtY2VudHJhbDEvdW5mb2xsb3dVc2VyL1hzZ2NkNS1ONjJJ  
 
[debug] [2019-01-30T20:48:34.792Z] <<< HTTP RESPONSE 200
[debug] [2019-01-30T20:48:36.792Z] >>> HTTP REQUEST GET https://cloudfunctions.googleapis.com/v1/operations/cmV2ZW50cy0yMTUxMTkvdXMtY2VudHJhbDEvdW5mb2xsb3dVc2VyL1hzZ2NkNS1ONjJJ  
 
[debug] [2019-01-30T20:48:37.335Z] <<< HTTP RESPONSE 200
[debug] [2019-01-30T20:48:39.340Z] >>> HTTP REQUEST GET https://cloudfunctions.googleapis.com/v1/operations/cmV2ZW50cy0yMTUxMTkvdXMtY2VudHJhbDEvdW5mb2xsb3dVc2VyL1hzZ2NkNS1ONjJJ  
 
[debug] [2019-01-30T20:48:39.867Z] <<< HTTP RESPONSE 200
[debug] [2019-01-30T20:48:41.871Z] >>> HTTP REQUEST GET https://cloudfunctions.googleapis.com/v1/operations/cmV2ZW50cy0yMTUxMTkvdXMtY2VudHJhbDEvdW5mb2xsb3dVc2VyL1hzZ2NkNS1ONjJJ  
 
[debug] [2019-01-30T20:48:42.407Z] <<< HTTP RESPONSE 200
[debug] [2019-01-30T20:48:44.409Z] >>> HTTP REQUEST GET https://cloudfunctions.googleapis.com/v1/operations/cmV2ZW50cy0yMTUxMTkvdXMtY2VudHJhbDEvdW5mb2xsb3dVc2VyL1hzZ2NkNS1ONjJJ  
 
[debug] [2019-01-30T20:48:44.947Z] <<< HTTP RESPONSE 200
[debug] [2019-01-30T20:48:46.951Z] >>> HTTP REQUEST GET https://cloudfunctions.googleapis.com/v1/operations/cmV2ZW50cy0yMTUxMTkvdXMtY2VudHJhbDEvdW5mb2xsb3dVc2VyL1hzZ2NkNS1ONjJJ  
 
[debug] [2019-01-30T20:48:47.489Z] <<< HTTP RESPONSE 200
[debug] [2019-01-30T20:48:49.491Z] >>> HTTP REQUEST GET https://cloudfunctions.googleapis.com/v1/operations/cmV2ZW50cy0yMTUxMTkvdXMtY2VudHJhbDEvdW5mb2xsb3dVc2VyL1hzZ2NkNS1ONjJJ  
 
[debug] [2019-01-30T20:48:50.035Z] <<< HTTP RESPONSE 200
[debug] [2019-01-30T20:48:52.040Z] >>> HTTP REQUEST GET https://cloudfunctions.googleapis.com/v1/operations/cmV2ZW50cy0yMTUxMTkvdXMtY2VudHJhbDEvdW5mb2xsb3dVc2VyL1hzZ2NkNS1ONjJJ  
 
[debug] [2019-01-30T20:48:52.610Z] <<< HTTP RESPONSE 200
[debug] [2019-01-30T20:48:54.614Z] >>> HTTP REQUEST GET https://cloudfunctions.googleapis.com/v1/operations/cmV2ZW50cy0yMTUxMTkvdXMtY2VudHJhbDEvdW5mb2xsb3dVc2VyL1hzZ2NkNS1ONjJJ  
 
[debug] [2019-01-30T20:48:55.170Z] <<< HTTP RESPONSE 200
[debug] [2019-01-30T20:48:57.175Z] >>> HTTP REQUEST GET https://cloudfunctions.googleapis.com/v1/operations/cmV2ZW50cy0yMTUxMTkvdXMtY2VudHJhbDEvdW5mb2xsb3dVc2VyL1hzZ2NkNS1ONjJJ  
 
[debug] [2019-01-30T20:48:57.728Z] <<< HTTP RESPONSE 200
[debug] [2019-01-30T20:48:59.731Z] >>> HTTP REQUEST GET https://cloudfunctions.googleapis.com/v1/operations/cmV2ZW50cy0yMTUxMTkvdXMtY2VudHJhbDEvdW5mb2xsb3dVc2VyL1hzZ2NkNS1ONjJJ  
 
[debug] [2019-01-30T20:49:00.186Z] <<< HTTP RESPONSE 200
[debug] [2019-01-30T20:49:02.189Z] >>> HTTP REQUEST GET https://cloudfunctions.googleapis.com/v1/operations/cmV2ZW50cy0yMTUxMTkvdXMtY2VudHJhbDEvdW5mb2xsb3dVc2VyL1hzZ2NkNS1ONjJJ  
 
[debug] [2019-01-30T20:49:02.747Z] <<< HTTP RESPONSE 200
[debug] [2019-01-30T20:49:04.750Z] >>> HTTP REQUEST GET https://cloudfunctions.googleapis.com/v1/operations/cmV2ZW50cy0yMTUxMTkvdXMtY2VudHJhbDEvdW5mb2xsb3dVc2VyL1hzZ2NkNS1ONjJJ  
 
[debug] [2019-01-30T20:49:05.307Z] <<< HTTP RESPONSE 200
[debug] [2019-01-30T20:49:07.312Z] >>> HTTP REQUEST GET https://cloudfunctions.googleapis.com/v1/operations/cmV2ZW50cy0yMTUxMTkvdXMtY2VudHJhbDEvdW5mb2xsb3dVc2VyL1hzZ2NkNS1ONjJJ  
 
[debug] [2019-01-30T20:49:07.867Z] <<< HTTP RESPONSE 200
[debug] [2019-01-30T20:49:09.873Z] >>> HTTP REQUEST GET https://cloudfunctions.googleapis.com/v1/operations/cmV2ZW50cy0yMTUxMTkvdXMtY2VudHJhbDEvdW5mb2xsb3dVc2VyL1hzZ2NkNS1ONjJJ  
 
[debug] [2019-01-30T20:49:10.413Z] <<< HTTP RESPONSE 200
[debug] [2019-01-30T20:49:12.416Z] >>> HTTP REQUEST GET https://cloudfunctions.googleapis.com/v1/operations/cmV2ZW50cy0yMTUxMTkvdXMtY2VudHJhbDEvdW5mb2xsb3dVc2VyL1hzZ2NkNS1ONjJJ  
 
[debug] [2019-01-30T20:49:12.760Z] <<< HTTP RESPONSE 200
[debug] [2019-01-30T20:49:14.766Z] >>> HTTP REQUEST GET https://cloudfunctions.googleapis.com/v1/operations/cmV2ZW50cy0yMTUxMTkvdXMtY2VudHJhbDEvdW5mb2xsb3dVc2VyL1hzZ2NkNS1ONjJJ  
 
[debug] [2019-01-30T20:49:15.342Z] <<< HTTP RESPONSE 200
[debug] [2019-01-30T20:49:17.346Z] >>> HTTP REQUEST GET https://cloudfunctions.googleapis.com/v1/operations/cmV2ZW50cy0yMTUxMTkvdXMtY2VudHJhbDEvdW5mb2xsb3dVc2VyL1hzZ2NkNS1ONjJJ  
 
[debug] [2019-01-30T20:49:17.901Z] <<< HTTP RESPONSE 200
[debug] [2019-01-30T20:49:19.903Z] >>> HTTP REQUEST GET https://cloudfunctions.googleapis.com/v1/operations/cmV2ZW50cy0yMTUxMTkvdXMtY2VudHJhbDEvdW5mb2xsb3dVc2VyL1hzZ2NkNS1ONjJJ  
 
[debug] [2019-01-30T20:49:20.463Z] <<< HTTP RESPONSE 200
[debug] [2019-01-30T20:49:22.468Z] >>> HTTP REQUEST GET https://cloudfunctions.googleapis.com/v1/operations/cmV2ZW50cy0yMTUxMTkvdXMtY2VudHJhbDEvdW5mb2xsb3dVc2VyL1hzZ2NkNS1ONjJJ  
 
[debug] [2019-01-30T20:49:23.007Z] <<< HTTP RESPONSE 200
[debug] [2019-01-30T20:49:25.013Z] >>> HTTP REQUEST GET https://cloudfunctions.googleapis.com/v1/operations/cmV2ZW50cy0yMTUxMTkvdXMtY2VudHJhbDEvdW5mb2xsb3dVc2VyL1hzZ2NkNS1ONjJJ  
 
[debug] [2019-01-30T20:49:25.582Z] <<< HTTP RESPONSE 200
[debug] [2019-01-30T20:49:27.582Z] >>> HTTP REQUEST GET https://cloudfunctions.googleapis.com/v1/operations/cmV2ZW50cy0yMTUxMTkvdXMtY2VudHJhbDEvdW5mb2xsb3dVc2VyL1hzZ2NkNS1ONjJJ  
 
[debug] [2019-01-30T20:49:28.142Z] <<< HTTP RESPONSE 200
[debug] [2019-01-30T20:49:30.148Z] >>> HTTP REQUEST GET https://cloudfunctions.googleapis.com/v1/operations/cmV2ZW50cy0yMTUxMTkvdXMtY2VudHJhbDEvdW5mb2xsb3dVc2VyL1hzZ2NkNS1ONjJJ  
 
[debug] [2019-01-30T20:49:30.705Z] <<< HTTP RESPONSE 200
[debug] [2019-01-30T20:49:32.708Z] >>> HTTP REQUEST GET https://cloudfunctions.googleapis.com/v1/operations/cmV2ZW50cy0yMTUxMTkvdXMtY2VudHJhbDEvdW5mb2xsb3dVc2VyL1hzZ2NkNS1ONjJJ  
 
[debug] [2019-01-30T20:49:33.381Z] <<< HTTP RESPONSE 200
[debug] [2019-01-30T20:49:35.387Z] >>> HTTP REQUEST GET https://cloudfunctions.googleapis.com/v1/operations/cmV2ZW50cy0yMTUxMTkvdXMtY2VudHJhbDEvdW5mb2xsb3dVc2VyL1hzZ2NkNS1ONjJJ  
 
[debug] [2019-01-30T20:49:35.821Z] <<< HTTP RESPONSE 200
[debug] [2019-01-30T20:49:37.825Z] >>> HTTP REQUEST GET https://cloudfunctions.googleapis.com/v1/operations/cmV2ZW50cy0yMTUxMTkvdXMtY2VudHJhbDEvdW5mb2xsb3dVc2VyL1hzZ2NkNS1ONjJJ  
 
[debug] [2019-01-30T20:49:38.382Z] <<< HTTP RESPONSE 200
[debug] [2019-01-30T20:49:40.385Z] >>> HTTP REQUEST GET https://cloudfunctions.googleapis.com/v1/operations/cmV2ZW50cy0yMTUxMTkvdXMtY2VudHJhbDEvdW5mb2xsb3dVc2VyL1hzZ2NkNS1ONjJJ  
 
[debug] [2019-01-30T20:49:40.942Z] <<< HTTP RESPONSE 200
[debug] [2019-01-30T20:49:42.942Z] >>> HTTP REQUEST GET https://cloudfunctions.googleapis.com/v1/operations/cmV2ZW50cy0yMTUxMTkvdXMtY2VudHJhbDEvdW5mb2xsb3dVc2VyL1hzZ2NkNS1ONjJJ  
 
[debug] [2019-01-30T20:49:43.503Z] <<< HTTP RESPONSE 200
[debug] [2019-01-30T20:49:45.506Z] >>> HTTP REQUEST GET https://cloudfunctions.googleapis.com/v1/operations/cmV2ZW50cy0yMTUxMTkvdXMtY2VudHJhbDEvdW5mb2xsb3dVc2VyL1hzZ2NkNS1ONjJJ  
 
[debug] [2019-01-30T20:49:46.062Z] <<< HTTP RESPONSE 200
[debug] [2019-01-30T20:49:48.068Z] >>> HTTP REQUEST GET https://cloudfunctions.googleapis.com/v1/operations/cmV2ZW50cy0yMTUxMTkvdXMtY2VudHJhbDEvdW5mb2xsb3dVc2VyL1hzZ2NkNS1ONjJJ  
 
[debug] [2019-01-30T20:49:48.595Z] <<< HTTP RESPONSE 200
[debug] [2019-01-30T20:49:50.596Z] >>> HTTP REQUEST GET https://cloudfunctions.googleapis.com/v1/operations/cmV2ZW50cy0yMTUxMTkvdXMtY2VudHJhbDEvdW5mb2xsb3dVc2VyL1hzZ2NkNS1ONjJJ  
 
[debug] [2019-01-30T20:49:51.137Z] <<< HTTP RESPONSE 200
[debug] [2019-01-30T20:49:53.138Z] >>> HTTP REQUEST GET https://cloudfunctions.googleapis.com/v1/operations/cmV2ZW50cy0yMTUxMTkvdXMtY2VudHJhbDEvdW5mb2xsb3dVc2VyL1hzZ2NkNS1ONjJJ  
 
[debug] [2019-01-30T20:49:53.538Z] <<< HTTP RESPONSE 200
[debug] [2019-01-30T20:49:55.542Z] >>> HTTP REQUEST GET https://cloudfunctions.googleapis.com/v1/operations/cmV2ZW50cy0yMTUxMTkvdXMtY2VudHJhbDEvdW5mb2xsb3dVc2VyL1hzZ2NkNS1ONjJJ  
 
[debug] [2019-01-30T20:49:56.069Z] <<< HTTP RESPONSE 200
[debug] [2019-01-30T20:49:58.070Z] >>> HTTP REQUEST GET https://cloudfunctions.googleapis.com/v1/operations/cmV2ZW50cy0yMTUxMTkvdXMtY2VudHJhbDEvdW5mb2xsb3dVc2VyL1hzZ2NkNS1ONjJJ  
 
[debug] [2019-01-30T20:49:58.615Z] <<< HTTP RESPONSE 200
[debug] [2019-01-30T20:50:00.619Z] >>> HTTP REQUEST GET https://cloudfunctions.googleapis.com/v1/operations/cmV2ZW50cy0yMTUxMTkvdXMtY2VudHJhbDEvdW5mb2xsb3dVc2VyL1hzZ2NkNS1ONjJJ  
 
[debug] [2019-01-30T20:50:01.155Z] <<< HTTP RESPONSE 200
[debug] [2019-01-30T20:50:03.157Z] >>> HTTP REQUEST GET https://cloudfunctions.googleapis.com/v1/operations/cmV2ZW50cy0yMTUxMTkvdXMtY2VudHJhbDEvdW5mb2xsb3dVc2VyL1hzZ2NkNS1ONjJJ  
 
[debug] [2019-01-30T20:50:03.777Z] <<< HTTP RESPONSE 200
[debug] [2019-01-30T20:50:05.783Z] >>> HTTP REQUEST GET https://cloudfunctions.googleapis.com/v1/operations/cmV2ZW50cy0yMTUxMTkvdXMtY2VudHJhbDEvdW5mb2xsb3dVc2VyL1hzZ2NkNS1ONjJJ  
 
[debug] [2019-01-30T20:50:06.338Z] <<< HTTP RESPONSE 200
[debug] [2019-01-30T20:50:08.340Z] >>> HTTP REQUEST GET https://cloudfunctions.googleapis.com/v1/operations/cmV2ZW50cy0yMTUxMTkvdXMtY2VudHJhbDEvdW5mb2xsb3dVc2VyL1hzZ2NkNS1ONjJJ  
 
[debug] [2019-01-30T20:50:08.681Z] <<< HTTP RESPONSE 200
[debug] [2019-01-30T20:50:10.686Z] >>> HTTP REQUEST GET https://cloudfunctions.googleapis.com/v1/operations/cmV2ZW50cy0yMTUxMTkvdXMtY2VudHJhbDEvdW5mb2xsb3dVc2VyL1hzZ2NkNS1ONjJJ  
 
[debug] [2019-01-30T20:50:11.253Z] <<< HTTP RESPONSE 200
[debug] [2019-01-30T20:50:13.257Z] >>> HTTP REQUEST GET https://cloudfunctions.googleapis.com/v1/operations/cmV2ZW50cy0yMTUxMTkvdXMtY2VudHJhbDEvdW5mb2xsb3dVc2VyL1hzZ2NkNS1ONjJJ  
 
[debug] [2019-01-30T20:50:13.608Z] <<< HTTP RESPONSE 200
[debug] [2019-01-30T20:50:15.613Z] >>> HTTP REQUEST GET https://cloudfunctions.googleapis.com/v1/operations/cmV2ZW50cy0yMTUxMTkvdXMtY2VudHJhbDEvdW5mb2xsb3dVc2VyL1hzZ2NkNS1ONjJJ  
 
[debug] [2019-01-30T20:50:15.963Z] <<< HTTP RESPONSE 200
[debug] [2019-01-30T20:50:17.964Z] >>> HTTP REQUEST GET https://cloudfunctions.googleapis.com/v1/operations/cmV2ZW50cy0yMTUxMTkvdXMtY2VudHJhbDEvdW5mb2xsb3dVc2VyL1hzZ2NkNS1ONjJJ  
 
[debug] [2019-01-30T20:50:18.524Z] <<< HTTP RESPONSE 200
[debug] [2019-01-30T20:50:20.529Z] >>> HTTP REQUEST GET https://cloudfunctions.googleapis.com/v1/operations/cmV2ZW50cy0yMTUxMTkvdXMtY2VudHJhbDEvdW5mb2xsb3dVc2VyL1hzZ2NkNS1ONjJJ  
 
[debug] [2019-01-30T20:50:21.083Z] <<< HTTP RESPONSE 200
[debug] [2019-01-30T20:50:23.090Z] >>> HTTP REQUEST GET https://cloudfunctions.googleapis.com/v1/operations/cmV2ZW50cy0yMTUxMTkvdXMtY2VudHJhbDEvdW5mb2xsb3dVc2VyL1hzZ2NkNS1ONjJJ  
 
[debug] [2019-01-30T20:50:23.630Z] <<< HTTP RESPONSE 200
[debug] [2019-01-30T20:50:25.632Z] >>> HTTP REQUEST GET https://cloudfunctions.googleapis.com/v1/operations/cmV2ZW50cy0yMTUxMTkvdXMtY2VudHJhbDEvdW5mb2xsb3dVc2VyL1hzZ2NkNS1ONjJJ  
 
[debug] [2019-01-30T20:50:26.202Z] <<< HTTP RESPONSE 200
[debug] [2019-01-30T20:50:28.203Z] >>> HTTP REQUEST GET https://cloudfunctions.googleapis.com/v1/operations/cmV2ZW50cy0yMTUxMTkvdXMtY2VudHJhbDEvdW5mb2xsb3dVc2VyL1hzZ2NkNS1ONjJJ  
 
[debug] [2019-01-30T20:50:28.764Z] <<< HTTP RESPONSE 200
[debug] [2019-01-30T20:50:30.766Z] >>> HTTP REQUEST GET https://cloudfunctions.googleapis.com/v1/operations/cmV2ZW50cy0yMTUxMTkvdXMtY2VudHJhbDEvdW5mb2xsb3dVc2VyL1hzZ2NkNS1ONjJJ  
 
[debug] [2019-01-30T20:50:31.322Z] <<< HTTP RESPONSE 200
[debug] [2019-01-30T20:50:33.328Z] >>> HTTP REQUEST GET https://cloudfunctions.googleapis.com/v1/operations/cmV2ZW50cy0yMTUxMTkvdXMtY2VudHJhbDEvdW5mb2xsb3dVc2VyL1hzZ2NkNS1ONjJJ  
 
[debug] [2019-01-30T20:50:33.856Z] <<< HTTP RESPONSE 200
[debug] [2019-01-30T20:50:35.860Z] >>> HTTP REQUEST GET https://cloudfunctions.googleapis.com/v1/operations/cmV2ZW50cy0yMTUxMTkvdXMtY2VudHJhbDEvdW5mb2xsb3dVc2VyL1hzZ2NkNS1ONjJJ  
 
[debug] [2019-01-30T20:50:36.446Z] <<< HTTP RESPONSE 200
[debug] [2019-01-30T20:50:38.446Z] >>> HTTP REQUEST GET https://cloudfunctions.googleapis.com/v1/operations/cmV2ZW50cy0yMTUxMTkvdXMtY2VudHJhbDEvdW5mb2xsb3dVc2VyL1hzZ2NkNS1ONjJJ  
 
[debug] [2019-01-30T20:50:38.798Z] <<< HTTP RESPONSE 200
[debug] [2019-01-30T20:50:40.803Z] >>> HTTP REQUEST GET https://cloudfunctions.googleapis.com/v1/operations/cmV2ZW50cy0yMTUxMTkvdXMtY2VudHJhbDEvdW5mb2xsb3dVc2VyL1hzZ2NkNS1ONjJJ  
 
[debug] [2019-01-30T20:50:41.255Z] <<< HTTP RESPONSE 200
[debug] [2019-01-30T20:50:43.259Z] >>> HTTP REQUEST GET https://cloudfunctions.googleapis.com/v1/operations/cmV2ZW50cy0yMTUxMTkvdXMtY2VudHJhbDEvdW5mb2xsb3dVc2VyL1hzZ2NkNS1ONjJJ  
 
[debug] [2019-01-30T20:50:43.816Z] <<< HTTP RESPONSE 200
[debug] [2019-01-30T20:50:45.820Z] >>> HTTP REQUEST GET https://cloudfunctions.googleapis.com/v1/operations/cmV2ZW50cy0yMTUxMTkvdXMtY2VudHJhbDEvdW5mb2xsb3dVc2VyL1hzZ2NkNS1ONjJJ  
 
[debug] [2019-01-30T20:50:46.376Z] <<< HTTP RESPONSE 200
[debug] [2019-01-30T20:50:48.376Z] >>> HTTP REQUEST GET https://cloudfunctions.googleapis.com/v1/operations/cmV2ZW50cy0yMTUxMTkvdXMtY2VudHJhbDEvdW5mb2xsb3dVc2VyL1hzZ2NkNS1ONjJJ  
 
[debug] [2019-01-30T20:50:48.905Z] <<< HTTP RESPONSE 200
